{"domain":"server.tool.canvas","level":"\u001b[32minfo\u001b[39m","message":"GET","params":{"tool_id":"loc-assoc"},"requiringFilePath":"@kit-tools/loc-assoc/canvas.js"}
{"domain":"server.tool.canvas","level":"\u001b[32minfo\u001b[39m","message":"GET","params":{"tool_id":"lang-switch"},"requiringFilePath":"@kit-tools/lang-switch/canvas.js"}
{"domain":"server.tool.canvas","level":"\u001b[32minfo\u001b[39m","message":"GET","params":{"tool_id":"checklist"},"requiringFilePath":"@kit-tools/checklist/canvas.js"}
{"domain":"server.tool.canvas","level":"\u001b[32minfo\u001b[39m","message":"GET","params":{"tool_id":"chrome"},"requiringFilePath":"@kit-tools/chrome/canvas.js"}
{"domain":"server.tool.canvas","level":"\u001b[32minfo\u001b[39m","message":"GET","params":{"tool_id":"pomodoro"},"requiringFilePath":"@kit-tools/pomodoro/canvas.js"}
{"domain":"server.tool.canvas","level":"\u001b[32minfo\u001b[39m","message":"GET","params":{"tool_id":"spreadsheet"},"requiringFilePath":"@kit-tools/spreadsheet/canvas.js"}
{"domain":"server.tool.canvas","level":"\u001b[32minfo\u001b[39m","message":"GET","params":{"tool_id":"app-header"},"requiringFilePath":"@kit-tools/app-header/canvas.js"}
{"domain":"server.tool_checklist.canvas.image_checklistatlas1png","image_path":"@kit-tools/checklist/canvas-assets/images/checklist_atlas_1.png","level":"\u001b[32minfo\u001b[39m","message":"GET","params":{"image_filename":"checklist_atlas_1.png","tool_id":"checklist"}}
{"domain":"server.tool_lang-switch.canvas.image_langSwitchatlas1png","image_path":"@kit-tools/lang-switch/canvas-assets/images/langSwitch_atlas_1.png","level":"\u001b[32minfo\u001b[39m","message":"GET","params":{"image_filename":"langSwitch_atlas_1.png","tool_id":"lang-switch"}}
{"domain":"server.tool_spreadsheet.canvas.image_spreadsheetatlas1png","image_path":"@kit-tools/spreadsheet/canvas-assets/images/spreadsheet_atlas_1.png","level":"\u001b[32minfo\u001b[39m","message":"GET","params":{"image_filename":"spreadsheet_atlas_1.png","tool_id":"spreadsheet"}}
{"domain":"server.tool_pomodoro.canvas.image_pomodoroatlas1png","image_path":"@kit-tools/pomodoro/canvas-assets/images/pomodoro_atlas_1.png","level":"\u001b[32minfo\u001b[39m","message":"GET","params":{"image_filename":"pomodoro_atlas_1.png","tool_id":"pomodoro"}}
{"domain":"server.tool_chrome.canvas.image_chromeatlas1png","image_path":"@kit-tools/chrome/canvas-assets/images/chrome_atlas_1.png","level":"\u001b[32minfo\u001b[39m","message":"GET","params":{"image_filename":"chrome_atlas_1.png","tool_id":"chrome"}}
{"domain":"server.tool_app-header.canvas.image_appHeaderatlas1png","image_path":"@kit-tools/app-header/canvas-assets/images/appHeader_atlas_1.png","level":"\u001b[32minfo\u001b[39m","message":"GET","params":{"image_filename":"appHeader_atlas_1.png","tool_id":"app-header"}}
{"domain":"server.tool_chrome.canvas.image_chromeatlas2png","image_path":"@kit-tools/chrome/canvas-assets/images/chrome_atlas_2.png","level":"\u001b[32minfo\u001b[39m","message":"GET","params":{"image_filename":"chrome_atlas_2.png","tool_id":"chrome"}}
{"domain":"server.tool.canvas","level":"\u001b[32minfo\u001b[39m","message":"GET","params":{"tool_id":"app-header"},"requiringFilePath":"@kit-tools/app-header/canvas.js"}
{"domain":"server.tool.canvas","level":"\u001b[32minfo\u001b[39m","message":"GET","params":{"tool_id":"checklist"},"requiringFilePath":"@kit-tools/checklist/canvas.js"}
{"domain":"server.tool.canvas","level":"\u001b[32minfo\u001b[39m","message":"GET","params":{"tool_id":"chrome"},"requiringFilePath":"@kit-tools/chrome/canvas.js"}
{"domain":"server.tool.canvas","level":"\u001b[32minfo\u001b[39m","message":"GET","params":{"tool_id":"lang-switch"},"requiringFilePath":"@kit-tools/lang-switch/canvas.js"}
{"domain":"server.tool.canvas","level":"\u001b[32minfo\u001b[39m","message":"GET","params":{"tool_id":"loc-assoc"},"requiringFilePath":"@kit-tools/loc-assoc/canvas.js"}
{"domain":"server.tool.canvas","level":"\u001b[32minfo\u001b[39m","message":"GET","params":{"tool_id":"pomodoro"},"requiringFilePath":"@kit-tools/pomodoro/canvas.js"}
{"domain":"server.tool.canvas","level":"\u001b[32minfo\u001b[39m","message":"GET","params":{"tool_id":"spreadsheet"},"requiringFilePath":"@kit-tools/spreadsheet/canvas.js"}
{"domain":"server.tool_app-header.canvas.image_appHeaderatlas1png","image_path":"@kit-tools/app-header/canvas-assets/images/appHeader_atlas_1.png","level":"\u001b[32minfo\u001b[39m","message":"GET","params":{"image_filename":"appHeader_atlas_1.png","tool_id":"app-header"}}
{"domain":"server.tool_checklist.canvas.image_checklistatlas1png","image_path":"@kit-tools/checklist/canvas-assets/images/checklist_atlas_1.png","level":"\u001b[32minfo\u001b[39m","message":"GET","params":{"image_filename":"checklist_atlas_1.png","tool_id":"checklist"}}
{"domain":"server.tool_chrome.canvas.image_chromeatlas1png","image_path":"@kit-tools/chrome/canvas-assets/images/chrome_atlas_1.png","level":"\u001b[32minfo\u001b[39m","message":"GET","params":{"image_filename":"chrome_atlas_1.png","tool_id":"chrome"}}
{"domain":"server.tool_lang-switch.canvas.image_langSwitchatlas1png","image_path":"@kit-tools/lang-switch/canvas-assets/images/langSwitch_atlas_1.png","level":"\u001b[32minfo\u001b[39m","message":"GET","params":{"image_filename":"langSwitch_atlas_1.png","tool_id":"lang-switch"}}
{"domain":"server.tool_pomodoro.canvas.image_pomodoroatlas1png","image_path":"@kit-tools/pomodoro/canvas-assets/images/pomodoro_atlas_1.png","level":"\u001b[32minfo\u001b[39m","message":"GET","params":{"image_filename":"pomodoro_atlas_1.png","tool_id":"pomodoro"}}
{"domain":"server.tool_spreadsheet.canvas.image_spreadsheetatlas1png","image_path":"@kit-tools/spreadsheet/canvas-assets/images/spreadsheet_atlas_1.png","level":"\u001b[32minfo\u001b[39m","message":"GET","params":{"image_filename":"spreadsheet_atlas_1.png","tool_id":"spreadsheet"}}
{"domain":"server.tool_chrome.canvas.image_chromeatlas2png","image_path":"@kit-tools/chrome/canvas-assets/images/chrome_atlas_2.png","level":"\u001b[32minfo\u001b[39m","message":"GET","params":{"image_filename":"chrome_atlas_2.png","tool_id":"chrome"}}
{"domain":"server.tool.canvas","level":"\u001b[32minfo\u001b[39m","message":"GET","params":{"tool_id":"pomodoro"},"requiringFilePath":"@kit-tools/pomodoro/canvas.js"}
{"domain":"server.tool.canvas","level":"\u001b[32minfo\u001b[39m","message":"GET","params":{"tool_id":"app-header"},"requiringFilePath":"@kit-tools/app-header/canvas.js"}
{"domain":"server.tool.canvas","level":"\u001b[32minfo\u001b[39m","message":"GET","params":{"tool_id":"loc-assoc"},"requiringFilePath":"@kit-tools/loc-assoc/canvas.js"}
{"domain":"server.tool.canvas","level":"\u001b[32minfo\u001b[39m","message":"GET","params":{"tool_id":"spreadsheet"},"requiringFilePath":"@kit-tools/spreadsheet/canvas.js"}
{"domain":"server.tool.canvas","level":"\u001b[32minfo\u001b[39m","message":"GET","params":{"tool_id":"chrome"},"requiringFilePath":"@kit-tools/chrome/canvas.js"}
{"domain":"server.tool.canvas","level":"\u001b[32minfo\u001b[39m","message":"GET","params":{"tool_id":"checklist"},"requiringFilePath":"@kit-tools/checklist/canvas.js"}
{"domain":"server.tool.canvas","level":"\u001b[32minfo\u001b[39m","message":"GET","params":{"tool_id":"lang-switch"},"requiringFilePath":"@kit-tools/lang-switch/canvas.js"}
{"domain":"server.tool_pomodoro.canvas.image_pomodoroatlas1png","image_path":"@kit-tools/pomodoro/canvas-assets/images/pomodoro_atlas_1.png","level":"\u001b[32minfo\u001b[39m","message":"GET","params":{"image_filename":"pomodoro_atlas_1.png","tool_id":"pomodoro"}}
{"domain":"server.tool_app-header.canvas.image_appHeaderatlas1png","image_path":"@kit-tools/app-header/canvas-assets/images/appHeader_atlas_1.png","level":"\u001b[32minfo\u001b[39m","message":"GET","params":{"image_filename":"appHeader_atlas_1.png","tool_id":"app-header"}}
{"domain":"server.tool_chrome.canvas.image_chromeatlas1png","image_path":"@kit-tools/chrome/canvas-assets/images/chrome_atlas_1.png","level":"\u001b[32minfo\u001b[39m","message":"GET","params":{"image_filename":"chrome_atlas_1.png","tool_id":"chrome"}}
{"domain":"server.tool_spreadsheet.canvas.image_spreadsheetatlas1png","image_path":"@kit-tools/spreadsheet/canvas-assets/images/spreadsheet_atlas_1.png","level":"\u001b[32minfo\u001b[39m","message":"GET","params":{"image_filename":"spreadsheet_atlas_1.png","tool_id":"spreadsheet"}}
{"domain":"server.tool_checklist.canvas.image_checklistatlas1png","image_path":"@kit-tools/checklist/canvas-assets/images/checklist_atlas_1.png","level":"\u001b[32minfo\u001b[39m","message":"GET","params":{"image_filename":"checklist_atlas_1.png","tool_id":"checklist"}}
{"domain":"server.tool_lang-switch.canvas.image_langSwitchatlas1png","image_path":"@kit-tools/lang-switch/canvas-assets/images/langSwitch_atlas_1.png","level":"\u001b[32minfo\u001b[39m","message":"GET","params":{"image_filename":"langSwitch_atlas_1.png","tool_id":"lang-switch"}}
{"domain":"server.tool_chrome.canvas.image_chromeatlas2png","image_path":"@kit-tools/chrome/canvas-assets/images/chrome_atlas_2.png","level":"\u001b[32minfo\u001b[39m","message":"GET","params":{"image_filename":"chrome_atlas_2.png","tool_id":"chrome"}}
{"domain":"server.tool.canvas","level":"\u001b[32minfo\u001b[39m","message":"GET","params":{"tool_id":"checklist"},"requiringFilePath":"@kit-tools/checklist/canvas.js"}
{"domain":"server.tool.canvas","level":"\u001b[32minfo\u001b[39m","message":"GET","params":{"tool_id":"app-header"},"requiringFilePath":"@kit-tools/app-header/canvas.js"}
{"domain":"server.tool.canvas","level":"\u001b[32minfo\u001b[39m","message":"GET","params":{"tool_id":"spreadsheet"},"requiringFilePath":"@kit-tools/spreadsheet/canvas.js"}
{"domain":"server.tool.canvas","level":"\u001b[32minfo\u001b[39m","message":"GET","params":{"tool_id":"pomodoro"},"requiringFilePath":"@kit-tools/pomodoro/canvas.js"}
{"domain":"server.tool.canvas","level":"\u001b[32minfo\u001b[39m","message":"GET","params":{"tool_id":"lang-switch"},"requiringFilePath":"@kit-tools/lang-switch/canvas.js"}
{"domain":"server.tool.canvas","level":"\u001b[32minfo\u001b[39m","message":"GET","params":{"tool_id":"chrome"},"requiringFilePath":"@kit-tools/chrome/canvas.js"}
{"domain":"server.tool.canvas","level":"\u001b[32minfo\u001b[39m","message":"GET","params":{"tool_id":"loc-assoc"},"requiringFilePath":"@kit-tools/loc-assoc/canvas.js"}
{"domain":"server.tool_checklist.canvas.image_checklistatlas1png","image_path":"@kit-tools/checklist/canvas-assets/images/checklist_atlas_1.png","level":"\u001b[32minfo\u001b[39m","message":"GET","params":{"image_filename":"checklist_atlas_1.png","tool_id":"checklist"}}
{"domain":"server.tool_app-header.canvas.image_appHeaderatlas1png","image_path":"@kit-tools/app-header/canvas-assets/images/appHeader_atlas_1.png","level":"\u001b[32minfo\u001b[39m","message":"GET","params":{"image_filename":"appHeader_atlas_1.png","tool_id":"app-header"}}
{"domain":"server.tool_pomodoro.canvas.image_pomodoroatlas1png","image_path":"@kit-tools/pomodoro/canvas-assets/images/pomodoro_atlas_1.png","level":"\u001b[32minfo\u001b[39m","message":"GET","params":{"image_filename":"pomodoro_atlas_1.png","tool_id":"pomodoro"}}
{"domain":"server.tool_spreadsheet.canvas.image_spreadsheetatlas1png","image_path":"@kit-tools/spreadsheet/canvas-assets/images/spreadsheet_atlas_1.png","level":"\u001b[32minfo\u001b[39m","message":"GET","params":{"image_filename":"spreadsheet_atlas_1.png","tool_id":"spreadsheet"}}
{"domain":"server.tool_lang-switch.canvas.image_langSwitchatlas1png","image_path":"@kit-tools/lang-switch/canvas-assets/images/langSwitch_atlas_1.png","level":"\u001b[32minfo\u001b[39m","message":"GET","params":{"image_filename":"langSwitch_atlas_1.png","tool_id":"lang-switch"}}
{"domain":"server.tool_chrome.canvas.image_chromeatlas1png","image_path":"@kit-tools/chrome/canvas-assets/images/chrome_atlas_1.png","level":"\u001b[32minfo\u001b[39m","message":"GET","params":{"image_filename":"chrome_atlas_1.png","tool_id":"chrome"}}
{"domain":"server.tool_chrome.canvas.image_chromeatlas2png","image_path":"@kit-tools/chrome/canvas-assets/images/chrome_atlas_2.png","level":"\u001b[32minfo\u001b[39m","message":"GET","params":{"image_filename":"chrome_atlas_2.png","tool_id":"chrome"}}
{"domain":"server.tool.canvas","level":"\u001b[32minfo\u001b[39m","message":"GET","params":{"tool_id":"app-header"},"requiringFilePath":"@kit-tools/app-header/canvas.js"}
{"domain":"server.tool.canvas","level":"\u001b[32minfo\u001b[39m","message":"GET","params":{"tool_id":"checklist"},"requiringFilePath":"@kit-tools/checklist/canvas.js"}
{"domain":"server.tool.canvas","level":"\u001b[32minfo\u001b[39m","message":"GET","params":{"tool_id":"chrome"},"requiringFilePath":"@kit-tools/chrome/canvas.js"}
{"domain":"server.tool.canvas","level":"\u001b[32minfo\u001b[39m","message":"GET","params":{"tool_id":"lang-switch"},"requiringFilePath":"@kit-tools/lang-switch/canvas.js"}
{"domain":"server.tool.canvas","level":"\u001b[32minfo\u001b[39m","message":"GET","params":{"tool_id":"pomodoro"},"requiringFilePath":"@kit-tools/pomodoro/canvas.js"}
{"domain":"server.tool.canvas","level":"\u001b[32minfo\u001b[39m","message":"GET","params":{"tool_id":"spreadsheet"},"requiringFilePath":"@kit-tools/spreadsheet/canvas.js"}
{"domain":"server.tool.canvas","level":"\u001b[32minfo\u001b[39m","message":"GET","params":{"tool_id":"loc-assoc"},"requiringFilePath":"@kit-tools/loc-assoc/canvas.js"}
{"domain":"server.tool_app-header.canvas.image_appHeaderatlas1png","image_path":"@kit-tools/app-header/canvas-assets/images/appHeader_atlas_1.png","level":"\u001b[32minfo\u001b[39m","message":"GET","params":{"image_filename":"appHeader_atlas_1.png","tool_id":"app-header"}}
{"domain":"server.tool_chrome.canvas.image_chromeatlas1png","image_path":"@kit-tools/chrome/canvas-assets/images/chrome_atlas_1.png","level":"\u001b[32minfo\u001b[39m","message":"GET","params":{"image_filename":"chrome_atlas_1.png","tool_id":"chrome"}}
{"domain":"server.tool_lang-switch.canvas.image_langSwitchatlas1png","image_path":"@kit-tools/lang-switch/canvas-assets/images/langSwitch_atlas_1.png","level":"\u001b[32minfo\u001b[39m","message":"GET","params":{"image_filename":"langSwitch_atlas_1.png","tool_id":"lang-switch"}}
{"domain":"server.tool_pomodoro.canvas.image_pomodoroatlas1png","image_path":"@kit-tools/pomodoro/canvas-assets/images/pomodoro_atlas_1.png","level":"\u001b[32minfo\u001b[39m","message":"GET","params":{"image_filename":"pomodoro_atlas_1.png","tool_id":"pomodoro"}}
{"domain":"server.tool_checklist.canvas.image_checklistatlas1png","image_path":"@kit-tools/checklist/canvas-assets/images/checklist_atlas_1.png","level":"\u001b[32minfo\u001b[39m","message":"GET","params":{"image_filename":"checklist_atlas_1.png","tool_id":"checklist"}}
{"domain":"server.tool_spreadsheet.canvas.image_spreadsheetatlas1png","image_path":"@kit-tools/spreadsheet/canvas-assets/images/spreadsheet_atlas_1.png","level":"\u001b[32minfo\u001b[39m","message":"GET","params":{"image_filename":"spreadsheet_atlas_1.png","tool_id":"spreadsheet"}}
{"domain":"server.tool_chrome.canvas.image_chromeatlas2png","image_path":"@kit-tools/chrome/canvas-assets/images/chrome_atlas_2.png","level":"\u001b[32minfo\u001b[39m","message":"GET","params":{"image_filename":"chrome_atlas_2.png","tool_id":"chrome"}}
{"domain":"server.tool.canvas","level":"\u001b[32minfo\u001b[39m","message":"GET","params":{"tool_id":"app-header"},"requiringFilePath":"@kit-tools/app-header/canvas.js"}
{"domain":"server.tool.canvas","level":"\u001b[32minfo\u001b[39m","message":"GET","params":{"tool_id":"pomodoro"},"requiringFilePath":"@kit-tools/pomodoro/canvas.js"}
{"domain":"server.tool.canvas","level":"\u001b[32minfo\u001b[39m","message":"GET","params":{"tool_id":"spreadsheet"},"requiringFilePath":"@kit-tools/spreadsheet/canvas.js"}
{"domain":"server.tool.canvas","level":"\u001b[32minfo\u001b[39m","message":"GET","params":{"tool_id":"loc-assoc"},"requiringFilePath":"@kit-tools/loc-assoc/canvas.js"}
{"domain":"server.tool.canvas","level":"\u001b[32minfo\u001b[39m","message":"GET","params":{"tool_id":"chrome"},"requiringFilePath":"@kit-tools/chrome/canvas.js"}
{"domain":"server.tool.canvas","level":"\u001b[32minfo\u001b[39m","message":"GET","params":{"tool_id":"checklist"},"requiringFilePath":"@kit-tools/checklist/canvas.js"}
{"domain":"server.tool.canvas","level":"\u001b[32minfo\u001b[39m","message":"GET","params":{"tool_id":"lang-switch"},"requiringFilePath":"@kit-tools/lang-switch/canvas.js"}
{"domain":"server.tool_spreadsheet.canvas.image_spreadsheetatlas1png","image_path":"@kit-tools/spreadsheet/canvas-assets/images/spreadsheet_atlas_1.png","level":"\u001b[32minfo\u001b[39m","message":"GET","params":{"image_filename":"spreadsheet_atlas_1.png","tool_id":"spreadsheet"}}
{"domain":"server.tool_pomodoro.canvas.image_pomodoroatlas1png","image_path":"@kit-tools/pomodoro/canvas-assets/images/pomodoro_atlas_1.png","level":"\u001b[32minfo\u001b[39m","message":"GET","params":{"image_filename":"pomodoro_atlas_1.png","tool_id":"pomodoro"}}
{"domain":"server.tool_app-header.canvas.image_appHeaderatlas1png","image_path":"@kit-tools/app-header/canvas-assets/images/appHeader_atlas_1.png","level":"\u001b[32minfo\u001b[39m","message":"GET","params":{"image_filename":"appHeader_atlas_1.png","tool_id":"app-header"}}
{"domain":"server.tool_checklist.canvas.image_checklistatlas1png","image_path":"@kit-tools/checklist/canvas-assets/images/checklist_atlas_1.png","level":"\u001b[32minfo\u001b[39m","message":"GET","params":{"image_filename":"checklist_atlas_1.png","tool_id":"checklist"}}
{"domain":"server.tool_chrome.canvas.image_chromeatlas1png","image_path":"@kit-tools/chrome/canvas-assets/images/chrome_atlas_1.png","level":"\u001b[32minfo\u001b[39m","message":"GET","params":{"image_filename":"chrome_atlas_1.png","tool_id":"chrome"}}
{"domain":"server.tool_lang-switch.canvas.image_langSwitchatlas1png","image_path":"@kit-tools/lang-switch/canvas-assets/images/langSwitch_atlas_1.png","level":"\u001b[32minfo\u001b[39m","message":"GET","params":{"image_filename":"langSwitch_atlas_1.png","tool_id":"lang-switch"}}
{"domain":"server.tool_chrome.canvas.image_chromeatlas2png","image_path":"@kit-tools/chrome/canvas-assets/images/chrome_atlas_2.png","level":"\u001b[32minfo\u001b[39m","message":"GET","params":{"image_filename":"chrome_atlas_2.png","tool_id":"chrome"}}
{"domain":"server.tool.canvas","level":"\u001b[32minfo\u001b[39m","message":"GET","params":{"tool_id":"loc-assoc"},"requiringFilePath":"@kit-tools/loc-assoc/canvas.js"}
{"domain":"server.tool.canvas","level":"\u001b[32minfo\u001b[39m","message":"GET","params":{"tool_id":"lang-switch"},"requiringFilePath":"@kit-tools/lang-switch/canvas.js"}
{"domain":"server.tool.canvas","level":"\u001b[32minfo\u001b[39m","message":"GET","params":{"tool_id":"app-header"},"requiringFilePath":"@kit-tools/app-header/canvas.js"}
{"domain":"server.tool.canvas","level":"\u001b[32minfo\u001b[39m","message":"GET","params":{"tool_id":"checklist"},"requiringFilePath":"@kit-tools/checklist/canvas.js"}
{"domain":"server.tool.canvas","level":"\u001b[32minfo\u001b[39m","message":"GET","params":{"tool_id":"chrome"},"requiringFilePath":"@kit-tools/chrome/canvas.js"}
{"domain":"server.tool.canvas","level":"\u001b[32minfo\u001b[39m","message":"GET","params":{"tool_id":"spreadsheet"},"requiringFilePath":"@kit-tools/spreadsheet/canvas.js"}
{"domain":"server.tool.canvas","level":"\u001b[32minfo\u001b[39m","message":"GET","params":{"tool_id":"pomodoro"},"requiringFilePath":"@kit-tools/pomodoro/canvas.js"}
{"domain":"server.tool_lang-switch.canvas.image_langSwitchatlas1png","image_path":"@kit-tools/lang-switch/canvas-assets/images/langSwitch_atlas_1.png","level":"\u001b[32minfo\u001b[39m","message":"GET","params":{"image_filename":"langSwitch_atlas_1.png","tool_id":"lang-switch"}}
{"domain":"server.tool_app-header.canvas.image_appHeaderatlas1png","image_path":"@kit-tools/app-header/canvas-assets/images/appHeader_atlas_1.png","level":"\u001b[32minfo\u001b[39m","message":"GET","params":{"image_filename":"appHeader_atlas_1.png","tool_id":"app-header"}}
{"domain":"server.tool_checklist.canvas.image_checklistatlas1png","image_path":"@kit-tools/checklist/canvas-assets/images/checklist_atlas_1.png","level":"\u001b[32minfo\u001b[39m","message":"GET","params":{"image_filename":"checklist_atlas_1.png","tool_id":"checklist"}}
{"domain":"server.tool_spreadsheet.canvas.image_spreadsheetatlas1png","image_path":"@kit-tools/spreadsheet/canvas-assets/images/spreadsheet_atlas_1.png","level":"\u001b[32minfo\u001b[39m","message":"GET","params":{"image_filename":"spreadsheet_atlas_1.png","tool_id":"spreadsheet"}}
{"domain":"server.tool_chrome.canvas.image_chromeatlas1png","image_path":"@kit-tools/chrome/canvas-assets/images/chrome_atlas_1.png","level":"\u001b[32minfo\u001b[39m","message":"GET","params":{"image_filename":"chrome_atlas_1.png","tool_id":"chrome"}}
{"domain":"server.tool_pomodoro.canvas.image_pomodoroatlas1png","image_path":"@kit-tools/pomodoro/canvas-assets/images/pomodoro_atlas_1.png","level":"\u001b[32minfo\u001b[39m","message":"GET","params":{"image_filename":"pomodoro_atlas_1.png","tool_id":"pomodoro"}}
{"domain":"server.tool_chrome.canvas.image_chromeatlas2png","image_path":"@kit-tools/chrome/canvas-assets/images/chrome_atlas_2.png","level":"\u001b[32minfo\u001b[39m","message":"GET","params":{"image_filename":"chrome_atlas_2.png","tool_id":"chrome"}}
{"domain":"server.tool.canvas","level":"\u001b[32minfo\u001b[39m","message":"GET","params":{"tool_id":"spreadsheet"},"requiringFilePath":"@kit-tools/spreadsheet/canvas.js"}
{"domain":"server.tool.canvas","level":"\u001b[32minfo\u001b[39m","message":"GET","params":{"tool_id":"loc-assoc"},"requiringFilePath":"@kit-tools/loc-assoc/canvas.js"}
{"domain":"server.tool.canvas","level":"\u001b[32minfo\u001b[39m","message":"GET","params":{"tool_id":"lang-switch"},"requiringFilePath":"@kit-tools/lang-switch/canvas.js"}
{"domain":"server.tool.canvas","level":"\u001b[32minfo\u001b[39m","message":"GET","params":{"tool_id":"checklist"},"requiringFilePath":"@kit-tools/checklist/canvas.js"}
{"domain":"server.tool.canvas","level":"\u001b[32minfo\u001b[39m","message":"GET","params":{"tool_id":"app-header"},"requiringFilePath":"@kit-tools/app-header/canvas.js"}
{"domain":"server.tool.canvas","level":"\u001b[32minfo\u001b[39m","message":"GET","params":{"tool_id":"chrome"},"requiringFilePath":"@kit-tools/chrome/canvas.js"}
{"domain":"server.tool.canvas","level":"\u001b[32minfo\u001b[39m","message":"GET","params":{"tool_id":"pomodoro"},"requiringFilePath":"@kit-tools/pomodoro/canvas.js"}
{"domain":"server.tool_lang-switch.canvas.image_langSwitchatlas1png","image_path":"@kit-tools/lang-switch/canvas-assets/images/langSwitch_atlas_1.png","level":"\u001b[32minfo\u001b[39m","message":"GET","params":{"image_filename":"langSwitch_atlas_1.png","tool_id":"lang-switch"}}
{"domain":"server.tool_chrome.canvas.image_chromeatlas1png","image_path":"@kit-tools/chrome/canvas-assets/images/chrome_atlas_1.png","level":"\u001b[32minfo\u001b[39m","message":"GET","params":{"image_filename":"chrome_atlas_1.png","tool_id":"chrome"}}
{"domain":"server.tool_spreadsheet.canvas.image_spreadsheetatlas1png","image_path":"@kit-tools/spreadsheet/canvas-assets/images/spreadsheet_atlas_1.png","level":"\u001b[32minfo\u001b[39m","message":"GET","params":{"image_filename":"spreadsheet_atlas_1.png","tool_id":"spreadsheet"}}
{"domain":"server.tool_checklist.canvas.image_checklistatlas1png","image_path":"@kit-tools/checklist/canvas-assets/images/checklist_atlas_1.png","level":"\u001b[32minfo\u001b[39m","message":"GET","params":{"image_filename":"checklist_atlas_1.png","tool_id":"checklist"}}
{"domain":"server.tool_app-header.canvas.image_appHeaderatlas1png","image_path":"@kit-tools/app-header/canvas-assets/images/appHeader_atlas_1.png","level":"\u001b[32minfo\u001b[39m","message":"GET","params":{"image_filename":"appHeader_atlas_1.png","tool_id":"app-header"}}
{"domain":"server.tool_pomodoro.canvas.image_pomodoroatlas1png","image_path":"@kit-tools/pomodoro/canvas-assets/images/pomodoro_atlas_1.png","level":"\u001b[32minfo\u001b[39m","message":"GET","params":{"image_filename":"pomodoro_atlas_1.png","tool_id":"pomodoro"}}
{"domain":"server.tool_chrome.canvas.image_chromeatlas2png","image_path":"@kit-tools/chrome/canvas-assets/images/chrome_atlas_2.png","level":"\u001b[32minfo\u001b[39m","message":"GET","params":{"image_filename":"chrome_atlas_2.png","tool_id":"chrome"}}
{"domain":"server.tool.canvas","level":"\u001b[32minfo\u001b[39m","message":"GET","params":{"tool_id":"pomodoro"},"requiringFilePath":"@kit-tools/pomodoro/canvas.js"}
{"domain":"server.tool.canvas","level":"\u001b[32minfo\u001b[39m","message":"GET","params":{"tool_id":"checklist"},"requiringFilePath":"@kit-tools/checklist/canvas.js"}
{"domain":"server.tool.canvas","level":"\u001b[32minfo\u001b[39m","message":"GET","params":{"tool_id":"chrome"},"requiringFilePath":"@kit-tools/chrome/canvas.js"}
{"domain":"server.tool.canvas","level":"\u001b[32minfo\u001b[39m","message":"GET","params":{"tool_id":"lang-switch"},"requiringFilePath":"@kit-tools/lang-switch/canvas.js"}
{"domain":"server.tool.canvas","level":"\u001b[32minfo\u001b[39m","message":"GET","params":{"tool_id":"spreadsheet"},"requiringFilePath":"@kit-tools/spreadsheet/canvas.js"}
{"domain":"server.tool.canvas","level":"\u001b[32minfo\u001b[39m","message":"GET","params":{"tool_id":"loc-assoc"},"requiringFilePath":"@kit-tools/loc-assoc/canvas.js"}
{"domain":"server.tool.canvas","level":"\u001b[32minfo\u001b[39m","message":"GET","params":{"tool_id":"app-header"},"requiringFilePath":"@kit-tools/app-header/canvas.js"}
{"domain":"server.tool_checklist.canvas.image_checklistatlas1png","image_path":"@kit-tools/checklist/canvas-assets/images/checklist_atlas_1.png","level":"\u001b[32minfo\u001b[39m","message":"GET","params":{"image_filename":"checklist_atlas_1.png","tool_id":"checklist"}}
{"domain":"server.tool_chrome.canvas.image_chromeatlas1png","image_path":"@kit-tools/chrome/canvas-assets/images/chrome_atlas_1.png","level":"\u001b[32minfo\u001b[39m","message":"GET","params":{"image_filename":"chrome_atlas_1.png","tool_id":"chrome"}}
{"domain":"server.tool_pomodoro.canvas.image_pomodoroatlas1png","image_path":"@kit-tools/pomodoro/canvas-assets/images/pomodoro_atlas_1.png","level":"\u001b[32minfo\u001b[39m","message":"GET","params":{"image_filename":"pomodoro_atlas_1.png","tool_id":"pomodoro"}}
{"domain":"server.tool_spreadsheet.canvas.image_spreadsheetatlas1png","image_path":"@kit-tools/spreadsheet/canvas-assets/images/spreadsheet_atlas_1.png","level":"\u001b[32minfo\u001b[39m","message":"GET","params":{"image_filename":"spreadsheet_atlas_1.png","tool_id":"spreadsheet"}}
{"domain":"server.tool_lang-switch.canvas.image_langSwitchatlas1png","image_path":"@kit-tools/lang-switch/canvas-assets/images/langSwitch_atlas_1.png","level":"\u001b[32minfo\u001b[39m","message":"GET","params":{"image_filename":"langSwitch_atlas_1.png","tool_id":"lang-switch"}}
{"domain":"server.tool_app-header.canvas.image_appHeaderatlas1png","image_path":"@kit-tools/app-header/canvas-assets/images/appHeader_atlas_1.png","level":"\u001b[32minfo\u001b[39m","message":"GET","params":{"image_filename":"appHeader_atlas_1.png","tool_id":"app-header"}}
{"domain":"server.tool_chrome.canvas.image_chromeatlas2png","image_path":"@kit-tools/chrome/canvas-assets/images/chrome_atlas_2.png","level":"\u001b[32minfo\u001b[39m","message":"GET","params":{"image_filename":"chrome_atlas_2.png","tool_id":"chrome"}}
{"domain":"server.tool.canvas","level":"\u001b[32minfo\u001b[39m","message":"GET","params":{"tool_id":"chrome"},"requiringFilePath":"@kit-tools/chrome/canvas.js"}
{"domain":"server.tool.canvas","level":"\u001b[32minfo\u001b[39m","message":"GET","params":{"tool_id":"pomodoro"},"requiringFilePath":"@kit-tools/pomodoro/canvas.js"}
{"domain":"server.tool.canvas","level":"\u001b[32minfo\u001b[39m","message":"GET","params":{"tool_id":"spreadsheet"},"requiringFilePath":"@kit-tools/spreadsheet/canvas.js"}
{"domain":"server.tool.canvas","level":"\u001b[32minfo\u001b[39m","message":"GET","params":{"tool_id":"app-header"},"requiringFilePath":"@kit-tools/app-header/canvas.js"}
{"domain":"server.tool.canvas","level":"\u001b[32minfo\u001b[39m","message":"GET","params":{"tool_id":"lang-switch"},"requiringFilePath":"@kit-tools/lang-switch/canvas.js"}
{"domain":"server.tool.canvas","level":"\u001b[32minfo\u001b[39m","message":"GET","params":{"tool_id":"checklist"},"requiringFilePath":"@kit-tools/checklist/canvas.js"}
{"domain":"server.tool.canvas","level":"\u001b[32minfo\u001b[39m","message":"GET","params":{"tool_id":"loc-assoc"},"requiringFilePath":"@kit-tools/loc-assoc/canvas.js"}
{"domain":"server.tool_chrome.canvas.image_chromeatlas1png","image_path":"@kit-tools/chrome/canvas-assets/images/chrome_atlas_1.png","level":"\u001b[32minfo\u001b[39m","message":"GET","params":{"image_filename":"chrome_atlas_1.png","tool_id":"chrome"}}
{"domain":"server.tool_spreadsheet.canvas.image_spreadsheetatlas1png","image_path":"@kit-tools/spreadsheet/canvas-assets/images/spreadsheet_atlas_1.png","level":"\u001b[32minfo\u001b[39m","message":"GET","params":{"image_filename":"spreadsheet_atlas_1.png","tool_id":"spreadsheet"}}
{"domain":"server.tool_lang-switch.canvas.image_langSwitchatlas1png","image_path":"@kit-tools/lang-switch/canvas-assets/images/langSwitch_atlas_1.png","level":"\u001b[32minfo\u001b[39m","message":"GET","params":{"image_filename":"langSwitch_atlas_1.png","tool_id":"lang-switch"}}
{"domain":"server.tool_app-header.canvas.image_appHeaderatlas1png","image_path":"@kit-tools/app-header/canvas-assets/images/appHeader_atlas_1.png","level":"\u001b[32minfo\u001b[39m","message":"GET","params":{"image_filename":"appHeader_atlas_1.png","tool_id":"app-header"}}
{"domain":"server.tool_checklist.canvas.image_checklistatlas1png","image_path":"@kit-tools/checklist/canvas-assets/images/checklist_atlas_1.png","level":"\u001b[32minfo\u001b[39m","message":"GET","params":{"image_filename":"checklist_atlas_1.png","tool_id":"checklist"}}
{"domain":"server.tool_pomodoro.canvas.image_pomodoroatlas1png","image_path":"@kit-tools/pomodoro/canvas-assets/images/pomodoro_atlas_1.png","level":"\u001b[32minfo\u001b[39m","message":"GET","params":{"image_filename":"pomodoro_atlas_1.png","tool_id":"pomodoro"}}
{"domain":"server.tool_chrome.canvas.image_chromeatlas2png","image_path":"@kit-tools/chrome/canvas-assets/images/chrome_atlas_2.png","level":"\u001b[32minfo\u001b[39m","message":"GET","params":{"image_filename":"chrome_atlas_2.png","tool_id":"chrome"}}
{"domain":"server.tool.canvas","level":"\u001b[32minfo\u001b[39m","message":"GET","params":{"tool_id":"app-header"},"requiringFilePath":"@kit-tools/app-header/canvas.js"}
{"domain":"server.tool.canvas","level":"\u001b[32minfo\u001b[39m","message":"GET","params":{"tool_id":"pomodoro"},"requiringFilePath":"@kit-tools/pomodoro/canvas.js"}
{"domain":"server.tool.canvas","level":"\u001b[32minfo\u001b[39m","message":"GET","params":{"tool_id":"checklist"},"requiringFilePath":"@kit-tools/checklist/canvas.js"}
{"domain":"server.tool.canvas","level":"\u001b[32minfo\u001b[39m","message":"GET","params":{"tool_id":"chrome"},"requiringFilePath":"@kit-tools/chrome/canvas.js"}
{"domain":"server.tool.canvas","level":"\u001b[32minfo\u001b[39m","message":"GET","params":{"tool_id":"loc-assoc"},"requiringFilePath":"@kit-tools/loc-assoc/canvas.js"}
{"domain":"server.tool.canvas","level":"\u001b[32minfo\u001b[39m","message":"GET","params":{"tool_id":"lang-switch"},"requiringFilePath":"@kit-tools/lang-switch/canvas.js"}
{"domain":"server.tool.canvas","level":"\u001b[32minfo\u001b[39m","message":"GET","params":{"tool_id":"spreadsheet"},"requiringFilePath":"@kit-tools/spreadsheet/canvas.js"}
{"domain":"server.tool_pomodoro.canvas.image_pomodoroatlas1png","image_path":"@kit-tools/pomodoro/canvas-assets/images/pomodoro_atlas_1.png","level":"\u001b[32minfo\u001b[39m","message":"GET","params":{"image_filename":"pomodoro_atlas_1.png","tool_id":"pomodoro"}}
{"domain":"server.tool_checklist.canvas.image_checklistatlas1png","image_path":"@kit-tools/checklist/canvas-assets/images/checklist_atlas_1.png","level":"\u001b[32minfo\u001b[39m","message":"GET","params":{"image_filename":"checklist_atlas_1.png","tool_id":"checklist"}}
{"domain":"server.tool_lang-switch.canvas.image_langSwitchatlas1png","image_path":"@kit-tools/lang-switch/canvas-assets/images/langSwitch_atlas_1.png","level":"\u001b[32minfo\u001b[39m","message":"GET","params":{"image_filename":"langSwitch_atlas_1.png","tool_id":"lang-switch"}}
{"domain":"server.tool_app-header.canvas.image_appHeaderatlas1png","image_path":"@kit-tools/app-header/canvas-assets/images/appHeader_atlas_1.png","level":"\u001b[32minfo\u001b[39m","message":"GET","params":{"image_filename":"appHeader_atlas_1.png","tool_id":"app-header"}}
{"domain":"server.tool_chrome.canvas.image_chromeatlas1png","image_path":"@kit-tools/chrome/canvas-assets/images/chrome_atlas_1.png","level":"\u001b[32minfo\u001b[39m","message":"GET","params":{"image_filename":"chrome_atlas_1.png","tool_id":"chrome"}}
{"domain":"server.tool_spreadsheet.canvas.image_spreadsheetatlas1png","image_path":"@kit-tools/spreadsheet/canvas-assets/images/spreadsheet_atlas_1.png","level":"\u001b[32minfo\u001b[39m","message":"GET","params":{"image_filename":"spreadsheet_atlas_1.png","tool_id":"spreadsheet"}}
{"domain":"server.tool_chrome.canvas.image_chromeatlas2png","image_path":"@kit-tools/chrome/canvas-assets/images/chrome_atlas_2.png","level":"\u001b[32minfo\u001b[39m","message":"GET","params":{"image_filename":"chrome_atlas_2.png","tool_id":"chrome"}}
{"domain":"server.tool.canvas","level":"\u001b[32minfo\u001b[39m","message":"GET","params":{"tool_id":"loc-assoc"},"requiringFilePath":"@kit-tools/loc-assoc/canvas.js"}
{"domain":"server.tool.canvas","level":"\u001b[32minfo\u001b[39m","message":"GET","params":{"tool_id":"pomodoro"},"requiringFilePath":"@kit-tools/pomodoro/canvas.js"}
{"domain":"server.tool.canvas","level":"\u001b[32minfo\u001b[39m","message":"GET","params":{"tool_id":"lang-switch"},"requiringFilePath":"@kit-tools/lang-switch/canvas.js"}
{"domain":"server.tool.canvas","level":"\u001b[32minfo\u001b[39m","message":"GET","params":{"tool_id":"spreadsheet"},"requiringFilePath":"@kit-tools/spreadsheet/canvas.js"}
{"domain":"server.tool.canvas","level":"\u001b[32minfo\u001b[39m","message":"GET","params":{"tool_id":"checklist"},"requiringFilePath":"@kit-tools/checklist/canvas.js"}
{"domain":"server.tool.canvas","level":"\u001b[32minfo\u001b[39m","message":"GET","params":{"tool_id":"chrome"},"requiringFilePath":"@kit-tools/chrome/canvas.js"}
{"domain":"server.tool.canvas","level":"\u001b[32minfo\u001b[39m","message":"GET","params":{"tool_id":"app-header"},"requiringFilePath":"@kit-tools/app-header/canvas.js"}
{"domain":"server.tool_spreadsheet.canvas.image_spreadsheetatlas1png","image_path":"@kit-tools/spreadsheet/canvas-assets/images/spreadsheet_atlas_1.png","level":"\u001b[32minfo\u001b[39m","message":"GET","params":{"image_filename":"spreadsheet_atlas_1.png","tool_id":"spreadsheet"}}
{"domain":"server.tool_lang-switch.canvas.image_langSwitchatlas1png","image_path":"@kit-tools/lang-switch/canvas-assets/images/langSwitch_atlas_1.png","level":"\u001b[32minfo\u001b[39m","message":"GET","params":{"image_filename":"langSwitch_atlas_1.png","tool_id":"lang-switch"}}
{"domain":"server.tool_checklist.canvas.image_checklistatlas1png","image_path":"@kit-tools/checklist/canvas-assets/images/checklist_atlas_1.png","level":"\u001b[32minfo\u001b[39m","message":"GET","params":{"image_filename":"checklist_atlas_1.png","tool_id":"checklist"}}
{"domain":"server.tool_pomodoro.canvas.image_pomodoroatlas1png","image_path":"@kit-tools/pomodoro/canvas-assets/images/pomodoro_atlas_1.png","level":"\u001b[32minfo\u001b[39m","message":"GET","params":{"image_filename":"pomodoro_atlas_1.png","tool_id":"pomodoro"}}
{"domain":"server.tool_chrome.canvas.image_chromeatlas1png","image_path":"@kit-tools/chrome/canvas-assets/images/chrome_atlas_1.png","level":"\u001b[32minfo\u001b[39m","message":"GET","params":{"image_filename":"chrome_atlas_1.png","tool_id":"chrome"}}
{"domain":"server.tool_chrome.canvas.image_chromeatlas2png","image_path":"@kit-tools/chrome/canvas-assets/images/chrome_atlas_2.png","level":"\u001b[32minfo\u001b[39m","message":"GET","params":{"image_filename":"chrome_atlas_2.png","tool_id":"chrome"}}
{"domain":"server.tool_app-header.canvas.image_appHeaderatlas1png","image_path":"@kit-tools/app-header/canvas-assets/images/appHeader_atlas_1.png","level":"\u001b[32minfo\u001b[39m","message":"GET","params":{"image_filename":"appHeader_atlas_1.png","tool_id":"app-header"}}
{"domain":"server.tool.canvas","level":"\u001b[32minfo\u001b[39m","message":"GET","params":{"tool_id":"app-header"},"requiringFilePath":"@kit-tools/app-header/canvas.js"}
{"domain":"server.tool.canvas","level":"\u001b[32minfo\u001b[39m","message":"GET","params":{"tool_id":"chrome"},"requiringFilePath":"@kit-tools/chrome/canvas.js"}
{"domain":"server.tool.canvas","level":"\u001b[32minfo\u001b[39m","message":"GET","params":{"tool_id":"checklist"},"requiringFilePath":"@kit-tools/checklist/canvas.js"}
{"domain":"server.tool.canvas","level":"\u001b[32minfo\u001b[39m","message":"GET","params":{"tool_id":"loc-assoc"},"requiringFilePath":"@kit-tools/loc-assoc/canvas.js"}
{"domain":"server.tool.canvas","level":"\u001b[32minfo\u001b[39m","message":"GET","params":{"tool_id":"pomodoro"},"requiringFilePath":"@kit-tools/pomodoro/canvas.js"}
{"domain":"server.tool.canvas","level":"\u001b[32minfo\u001b[39m","message":"GET","params":{"tool_id":"spreadsheet"},"requiringFilePath":"@kit-tools/spreadsheet/canvas.js"}
{"domain":"server.tool.canvas","level":"\u001b[32minfo\u001b[39m","message":"GET","params":{"tool_id":"lang-switch"},"requiringFilePath":"@kit-tools/lang-switch/canvas.js"}
{"domain":"server.tool_app-header.canvas.image_appHeaderatlas1png","image_path":"@kit-tools/app-header/canvas-assets/images/appHeader_atlas_1.png","level":"\u001b[32minfo\u001b[39m","message":"GET","params":{"image_filename":"appHeader_atlas_1.png","tool_id":"app-header"}}
{"domain":"server.tool_chrome.canvas.image_chromeatlas1png","image_path":"@kit-tools/chrome/canvas-assets/images/chrome_atlas_1.png","level":"\u001b[32minfo\u001b[39m","message":"GET","params":{"image_filename":"chrome_atlas_1.png","tool_id":"chrome"}}
{"domain":"server.tool_checklist.canvas.image_checklistatlas1png","image_path":"@kit-tools/checklist/canvas-assets/images/checklist_atlas_1.png","level":"\u001b[32minfo\u001b[39m","message":"GET","params":{"image_filename":"checklist_atlas_1.png","tool_id":"checklist"}}
{"domain":"server.tool_spreadsheet.canvas.image_spreadsheetatlas1png","image_path":"@kit-tools/spreadsheet/canvas-assets/images/spreadsheet_atlas_1.png","level":"\u001b[32minfo\u001b[39m","message":"GET","params":{"image_filename":"spreadsheet_atlas_1.png","tool_id":"spreadsheet"}}
{"domain":"server.tool_pomodoro.canvas.image_pomodoroatlas1png","image_path":"@kit-tools/pomodoro/canvas-assets/images/pomodoro_atlas_1.png","level":"\u001b[32minfo\u001b[39m","message":"GET","params":{"image_filename":"pomodoro_atlas_1.png","tool_id":"pomodoro"}}
{"domain":"server.tool_lang-switch.canvas.image_langSwitchatlas1png","image_path":"@kit-tools/lang-switch/canvas-assets/images/langSwitch_atlas_1.png","level":"\u001b[32minfo\u001b[39m","message":"GET","params":{"image_filename":"langSwitch_atlas_1.png","tool_id":"lang-switch"}}
{"domain":"server.tool_chrome.canvas.image_chromeatlas2png","image_path":"@kit-tools/chrome/canvas-assets/images/chrome_atlas_2.png","level":"\u001b[32minfo\u001b[39m","message":"GET","params":{"image_filename":"chrome_atlas_2.png","tool_id":"chrome"}}
{"domain":"server.tool.canvas","level":"\u001b[32minfo\u001b[39m","message":"GET","params":{"tool_id":"spreadsheet"},"requiringFilePath":"@kit-tools/spreadsheet/canvas.js"}
{"domain":"server.tool.canvas","level":"\u001b[32minfo\u001b[39m","message":"GET","params":{"tool_id":"checklist"},"requiringFilePath":"@kit-tools/checklist/canvas.js"}
{"domain":"server.tool.canvas","level":"\u001b[32minfo\u001b[39m","message":"GET","params":{"tool_id":"app-header"},"requiringFilePath":"@kit-tools/app-header/canvas.js"}
{"domain":"server.tool.canvas","level":"\u001b[32minfo\u001b[39m","message":"GET","params":{"tool_id":"loc-assoc"},"requiringFilePath":"@kit-tools/loc-assoc/canvas.js"}
{"domain":"server.tool.canvas","level":"\u001b[32minfo\u001b[39m","message":"GET","params":{"tool_id":"pomodoro"},"requiringFilePath":"@kit-tools/pomodoro/canvas.js"}
{"domain":"server.tool.canvas","level":"\u001b[32minfo\u001b[39m","message":"GET","params":{"tool_id":"lang-switch"},"requiringFilePath":"@kit-tools/lang-switch/canvas.js"}
{"domain":"server.tool.canvas","level":"\u001b[32minfo\u001b[39m","message":"GET","params":{"tool_id":"chrome"},"requiringFilePath":"@kit-tools/chrome/canvas.js"}
{"domain":"server.tool_checklist.canvas.image_checklistatlas1png","image_path":"@kit-tools/checklist/canvas-assets/images/checklist_atlas_1.png","level":"\u001b[32minfo\u001b[39m","message":"GET","params":{"image_filename":"checklist_atlas_1.png","tool_id":"checklist"}}
{"domain":"server.tool_spreadsheet.canvas.image_spreadsheetatlas1png","image_path":"@kit-tools/spreadsheet/canvas-assets/images/spreadsheet_atlas_1.png","level":"\u001b[32minfo\u001b[39m","message":"GET","params":{"image_filename":"spreadsheet_atlas_1.png","tool_id":"spreadsheet"}}
{"domain":"server.tool_app-header.canvas.image_appHeaderatlas1png","image_path":"@kit-tools/app-header/canvas-assets/images/appHeader_atlas_1.png","level":"\u001b[32minfo\u001b[39m","message":"GET","params":{"image_filename":"appHeader_atlas_1.png","tool_id":"app-header"}}
{"domain":"server.tool_pomodoro.canvas.image_pomodoroatlas1png","image_path":"@kit-tools/pomodoro/canvas-assets/images/pomodoro_atlas_1.png","level":"\u001b[32minfo\u001b[39m","message":"GET","params":{"image_filename":"pomodoro_atlas_1.png","tool_id":"pomodoro"}}
{"domain":"server.tool_lang-switch.canvas.image_langSwitchatlas1png","image_path":"@kit-tools/lang-switch/canvas-assets/images/langSwitch_atlas_1.png","level":"\u001b[32minfo\u001b[39m","message":"GET","params":{"image_filename":"langSwitch_atlas_1.png","tool_id":"lang-switch"}}
{"domain":"server.tool_chrome.canvas.image_chromeatlas1png","image_path":"@kit-tools/chrome/canvas-assets/images/chrome_atlas_1.png","level":"\u001b[32minfo\u001b[39m","message":"GET","params":{"image_filename":"chrome_atlas_1.png","tool_id":"chrome"}}
{"domain":"server.tool_chrome.canvas.image_chromeatlas2png","image_path":"@kit-tools/chrome/canvas-assets/images/chrome_atlas_2.png","level":"\u001b[32minfo\u001b[39m","message":"GET","params":{"image_filename":"chrome_atlas_2.png","tool_id":"chrome"}}
{"domain":"server.tool_lang-switch.form","form_schema_path":"/mnt/c/kit-app/apps/sveltekit/tools/lang-switch/form.json","level":"\u001b[32minfo\u001b[39m","message":"createReadStream"}
{"domain":"server.tool_checklist.form","form_schema_path":"/mnt/c/kit-app/apps/sveltekit/tools/checklist/form.json","level":"\u001b[32minfo\u001b[39m","message":"createReadStream"}
{"domain":"server.tool_pomodoro.form","form_schema_path":"/mnt/c/kit-app/apps/sveltekit/tools/pomodoro/form.json","level":"\u001b[32minfo\u001b[39m","message":"createReadStream"}
{"domain":"server.tool.canvas","level":"\u001b[32minfo\u001b[39m","message":"GET","params":{"tool_id":"pomodoro"},"requiringFilePath":"@kit-tools/pomodoro/canvas.js"}
{"domain":"server.tool.canvas","level":"\u001b[32minfo\u001b[39m","message":"GET","params":{"tool_id":"spreadsheet"},"requiringFilePath":"@kit-tools/spreadsheet/canvas.js"}
{"domain":"server.tool.canvas","level":"\u001b[32minfo\u001b[39m","message":"GET","params":{"tool_id":"app-header"},"requiringFilePath":"@kit-tools/app-header/canvas.js"}
{"domain":"server.tool.canvas","level":"\u001b[32minfo\u001b[39m","message":"GET","params":{"tool_id":"lang-switch"},"requiringFilePath":"@kit-tools/lang-switch/canvas.js"}
{"domain":"server.tool.canvas","level":"\u001b[32minfo\u001b[39m","message":"GET","params":{"tool_id":"chrome"},"requiringFilePath":"@kit-tools/chrome/canvas.js"}
{"domain":"server.tool.canvas","level":"\u001b[32minfo\u001b[39m","message":"GET","params":{"tool_id":"checklist"},"requiringFilePath":"@kit-tools/checklist/canvas.js"}
{"domain":"server.tool.canvas","level":"\u001b[32minfo\u001b[39m","message":"GET","params":{"tool_id":"loc-assoc"},"requiringFilePath":"@kit-tools/loc-assoc/canvas.js"}
{"domain":"server.tool_pomodoro.canvas.image_pomodoroatlas1png","image_path":"@kit-tools/pomodoro/canvas-assets/images/pomodoro_atlas_1.png","level":"\u001b[32minfo\u001b[39m","message":"GET","params":{"image_filename":"pomodoro_atlas_1.png","tool_id":"pomodoro"}}
{"domain":"server.tool_spreadsheet.canvas.image_spreadsheetatlas1png","image_path":"@kit-tools/spreadsheet/canvas-assets/images/spreadsheet_atlas_1.png","level":"\u001b[32minfo\u001b[39m","message":"GET","params":{"image_filename":"spreadsheet_atlas_1.png","tool_id":"spreadsheet"}}
{"domain":"server.tool_app-header.canvas.image_appHeaderatlas1png","image_path":"@kit-tools/app-header/canvas-assets/images/appHeader_atlas_1.png","level":"\u001b[32minfo\u001b[39m","message":"GET","params":{"image_filename":"appHeader_atlas_1.png","tool_id":"app-header"}}
{"domain":"server.tool_lang-switch.canvas.image_langSwitchatlas1png","image_path":"@kit-tools/lang-switch/canvas-assets/images/langSwitch_atlas_1.png","level":"\u001b[32minfo\u001b[39m","message":"GET","params":{"image_filename":"langSwitch_atlas_1.png","tool_id":"lang-switch"}}
{"domain":"server.tool_checklist.canvas.image_checklistatlas1png","image_path":"@kit-tools/checklist/canvas-assets/images/checklist_atlas_1.png","level":"\u001b[32minfo\u001b[39m","message":"GET","params":{"image_filename":"checklist_atlas_1.png","tool_id":"checklist"}}
{"domain":"server.tool_chrome.canvas.image_chromeatlas1png","image_path":"@kit-tools/chrome/canvas-assets/images/chrome_atlas_1.png","level":"\u001b[32minfo\u001b[39m","message":"GET","params":{"image_filename":"chrome_atlas_1.png","tool_id":"chrome"}}
{"domain":"server.tool_chrome.canvas.image_chromeatlas2png","image_path":"@kit-tools/chrome/canvas-assets/images/chrome_atlas_2.png","level":"\u001b[32minfo\u001b[39m","message":"GET","params":{"image_filename":"chrome_atlas_2.png","tool_id":"chrome"}}
{"domain":"server.tool","level":"\u001b[32minfo\u001b[39m","message":"require","requiredPath":"@kit-tools/chrome/node.js"}
{"domain":"server.tool","level":"\u001b[32minfo\u001b[39m","message":{"psScript":"c:/PROGRA~1/Google/Chrome/Application/chrome --force-dark-mode --disable-web-security --user-data-dir=C:/chromesession --ignore-certificate-errors "}}
{"domain":"server.tool","level":"\u001b[32minfo\u001b[39m","message":"require","requiredPath":"@kit-tools/chrome/node.js"}
{"domain":"server.tool","level":"\u001b[32minfo\u001b[39m","message":{"psScript":"c:/PROGRA~1/Google/Chrome/Application/chrome --force-dark-mode --disable-web-security --user-data-dir=C:/chromesession --ignore-certificate-errors "}}
{"domain":"server.tool.canvas","level":"\u001b[32minfo\u001b[39m","message":"GET","params":{"tool_id":"pomodoro"},"requiringFilePath":"@kit-tools/pomodoro/canvas.js"}
{"domain":"server.tool.canvas","level":"\u001b[32minfo\u001b[39m","message":"GET","params":{"tool_id":"app-header"},"requiringFilePath":"@kit-tools/app-header/canvas.js"}
{"domain":"server.tool.canvas","level":"\u001b[32minfo\u001b[39m","message":"GET","params":{"tool_id":"checklist"},"requiringFilePath":"@kit-tools/checklist/canvas.js"}
{"domain":"server.tool.canvas","level":"\u001b[32minfo\u001b[39m","message":"GET","params":{"tool_id":"loc-assoc"},"requiringFilePath":"@kit-tools/loc-assoc/canvas.js"}
{"domain":"server.tool.canvas","level":"\u001b[32minfo\u001b[39m","message":"GET","params":{"tool_id":"spreadsheet"},"requiringFilePath":"@kit-tools/spreadsheet/canvas.js"}
{"domain":"server.tool.canvas","level":"\u001b[32minfo\u001b[39m","message":"GET","params":{"tool_id":"lang-switch"},"requiringFilePath":"@kit-tools/lang-switch/canvas.js"}
{"domain":"server.tool.canvas","level":"\u001b[32minfo\u001b[39m","message":"GET","params":{"tool_id":"chrome"},"requiringFilePath":"@kit-tools/chrome/canvas.js"}
{"domain":"server.tool_checklist.canvas.image_checklistatlas1png","image_path":"@kit-tools/checklist/canvas-assets/images/checklist_atlas_1.png","level":"\u001b[32minfo\u001b[39m","message":"GET","params":{"image_filename":"checklist_atlas_1.png","tool_id":"checklist"}}
{"domain":"server.tool_pomodoro.canvas.image_pomodoroatlas1png","image_path":"@kit-tools/pomodoro/canvas-assets/images/pomodoro_atlas_1.png","level":"\u001b[32minfo\u001b[39m","message":"GET","params":{"image_filename":"pomodoro_atlas_1.png","tool_id":"pomodoro"}}
{"domain":"server.tool_spreadsheet.canvas.image_spreadsheetatlas1png","image_path":"@kit-tools/spreadsheet/canvas-assets/images/spreadsheet_atlas_1.png","level":"\u001b[32minfo\u001b[39m","message":"GET","params":{"image_filename":"spreadsheet_atlas_1.png","tool_id":"spreadsheet"}}
{"domain":"server.tool_lang-switch.canvas.image_langSwitchatlas1png","image_path":"@kit-tools/lang-switch/canvas-assets/images/langSwitch_atlas_1.png","level":"\u001b[32minfo\u001b[39m","message":"GET","params":{"image_filename":"langSwitch_atlas_1.png","tool_id":"lang-switch"}}
{"domain":"server.tool_app-header.canvas.image_appHeaderatlas1png","image_path":"@kit-tools/app-header/canvas-assets/images/appHeader_atlas_1.png","level":"\u001b[32minfo\u001b[39m","message":"GET","params":{"image_filename":"appHeader_atlas_1.png","tool_id":"app-header"}}
{"domain":"server.tool_chrome.canvas.image_chromeatlas1png","image_path":"@kit-tools/chrome/canvas-assets/images/chrome_atlas_1.png","level":"\u001b[32minfo\u001b[39m","message":"GET","params":{"image_filename":"chrome_atlas_1.png","tool_id":"chrome"}}
{"domain":"server.tool_chrome.canvas.image_chromeatlas2png","image_path":"@kit-tools/chrome/canvas-assets/images/chrome_atlas_2.png","level":"\u001b[32minfo\u001b[39m","message":"GET","params":{"image_filename":"chrome_atlas_2.png","tool_id":"chrome"}}
{"domain":"server.tool.canvas","level":"\u001b[32minfo\u001b[39m","message":"GET","params":{"tool_id":"chrome"},"requiringFilePath":"@kit-tools/chrome/canvas.js"}
{"domain":"server.tool.canvas","level":"\u001b[32minfo\u001b[39m","message":"GET","params":{"tool_id":"pomodoro"},"requiringFilePath":"@kit-tools/pomodoro/canvas.js"}
{"domain":"server.tool.canvas","level":"\u001b[32minfo\u001b[39m","message":"GET","params":{"tool_id":"app-header"},"requiringFilePath":"@kit-tools/app-header/canvas.js"}
{"domain":"server.tool.canvas","level":"\u001b[32minfo\u001b[39m","message":"GET","params":{"tool_id":"checklist"},"requiringFilePath":"@kit-tools/checklist/canvas.js"}
{"domain":"server.tool.canvas","level":"\u001b[32minfo\u001b[39m","message":"GET","params":{"tool_id":"spreadsheet"},"requiringFilePath":"@kit-tools/spreadsheet/canvas.js"}
{"domain":"server.tool.canvas","level":"\u001b[32minfo\u001b[39m","message":"GET","params":{"tool_id":"lang-switch"},"requiringFilePath":"@kit-tools/lang-switch/canvas.js"}
{"domain":"server.tool.canvas","level":"\u001b[32minfo\u001b[39m","message":"GET","params":{"tool_id":"loc-assoc"},"requiringFilePath":"@kit-tools/loc-assoc/canvas.js"}
{"domain":"server.tool_chrome.canvas.image_chromeatlas1png","image_path":"@kit-tools/chrome/canvas-assets/images/chrome_atlas_1.png","level":"\u001b[32minfo\u001b[39m","message":"GET","params":{"image_filename":"chrome_atlas_1.png","tool_id":"chrome"}}
{"domain":"server.tool_pomodoro.canvas.image_pomodoroatlas1png","image_path":"@kit-tools/pomodoro/canvas-assets/images/pomodoro_atlas_1.png","level":"\u001b[32minfo\u001b[39m","message":"GET","params":{"image_filename":"pomodoro_atlas_1.png","tool_id":"pomodoro"}}
{"domain":"server.tool_app-header.canvas.image_appHeaderatlas1png","image_path":"@kit-tools/app-header/canvas-assets/images/appHeader_atlas_1.png","level":"\u001b[32minfo\u001b[39m","message":"GET","params":{"image_filename":"appHeader_atlas_1.png","tool_id":"app-header"}}
{"domain":"server.tool_checklist.canvas.image_checklistatlas1png","image_path":"@kit-tools/checklist/canvas-assets/images/checklist_atlas_1.png","level":"\u001b[32minfo\u001b[39m","message":"GET","params":{"image_filename":"checklist_atlas_1.png","tool_id":"checklist"}}
{"domain":"server.tool_spreadsheet.canvas.image_spreadsheetatlas1png","image_path":"@kit-tools/spreadsheet/canvas-assets/images/spreadsheet_atlas_1.png","level":"\u001b[32minfo\u001b[39m","message":"GET","params":{"image_filename":"spreadsheet_atlas_1.png","tool_id":"spreadsheet"}}
{"domain":"server.tool_lang-switch.canvas.image_langSwitchatlas1png","image_path":"@kit-tools/lang-switch/canvas-assets/images/langSwitch_atlas_1.png","level":"\u001b[32minfo\u001b[39m","message":"GET","params":{"image_filename":"langSwitch_atlas_1.png","tool_id":"lang-switch"}}
{"domain":"server.tool_chrome.canvas.image_chromeatlas2png","image_path":"@kit-tools/chrome/canvas-assets/images/chrome_atlas_2.png","level":"\u001b[32minfo\u001b[39m","message":"GET","params":{"image_filename":"chrome_atlas_2.png","tool_id":"chrome"}}
{"domain":"server.tool.canvas","level":"\u001b[32minfo\u001b[39m","message":"GET","params":{"tool_id":"pomodoro"},"requiringFilePath":"@kit-tools/pomodoro/canvas.js"}
{"domain":"server.tool.canvas","level":"\u001b[32minfo\u001b[39m","message":"GET","params":{"tool_id":"lang-switch"},"requiringFilePath":"@kit-tools/lang-switch/canvas.js"}
{"domain":"server.tool.canvas","level":"\u001b[32minfo\u001b[39m","message":"GET","params":{"tool_id":"checklist"},"requiringFilePath":"@kit-tools/checklist/canvas.js"}
{"domain":"server.tool.canvas","level":"\u001b[32minfo\u001b[39m","message":"GET","params":{"tool_id":"loc-assoc"},"requiringFilePath":"@kit-tools/loc-assoc/canvas.js"}
{"domain":"server.tool.canvas","level":"\u001b[32minfo\u001b[39m","message":"GET","params":{"tool_id":"spreadsheet"},"requiringFilePath":"@kit-tools/spreadsheet/canvas.js"}
{"domain":"server.tool.canvas","level":"\u001b[32minfo\u001b[39m","message":"GET","params":{"tool_id":"chrome"},"requiringFilePath":"@kit-tools/chrome/canvas.js"}
{"domain":"server.tool.canvas","level":"\u001b[32minfo\u001b[39m","message":"GET","params":{"tool_id":"app-header"},"requiringFilePath":"@kit-tools/app-header/canvas.js"}
{"domain":"server.tool_pomodoro.canvas.image_pomodoroatlas1png","image_path":"@kit-tools/pomodoro/canvas-assets/images/pomodoro_atlas_1.png","level":"\u001b[32minfo\u001b[39m","message":"GET","params":{"image_filename":"pomodoro_atlas_1.png","tool_id":"pomodoro"}}
{"domain":"server.tool_checklist.canvas.image_checklistatlas1png","image_path":"@kit-tools/checklist/canvas-assets/images/checklist_atlas_1.png","level":"\u001b[32minfo\u001b[39m","message":"GET","params":{"image_filename":"checklist_atlas_1.png","tool_id":"checklist"}}
{"domain":"server.tool_lang-switch.canvas.image_langSwitchatlas1png","image_path":"@kit-tools/lang-switch/canvas-assets/images/langSwitch_atlas_1.png","level":"\u001b[32minfo\u001b[39m","message":"GET","params":{"image_filename":"langSwitch_atlas_1.png","tool_id":"lang-switch"}}
{"domain":"server.tool_chrome.canvas.image_chromeatlas1png","image_path":"@kit-tools/chrome/canvas-assets/images/chrome_atlas_1.png","level":"\u001b[32minfo\u001b[39m","message":"GET","params":{"image_filename":"chrome_atlas_1.png","tool_id":"chrome"}}
{"domain":"server.tool_spreadsheet.canvas.image_spreadsheetatlas1png","image_path":"@kit-tools/spreadsheet/canvas-assets/images/spreadsheet_atlas_1.png","level":"\u001b[32minfo\u001b[39m","message":"GET","params":{"image_filename":"spreadsheet_atlas_1.png","tool_id":"spreadsheet"}}
{"domain":"server.tool_app-header.canvas.image_appHeaderatlas1png","image_path":"@kit-tools/app-header/canvas-assets/images/appHeader_atlas_1.png","level":"\u001b[32minfo\u001b[39m","message":"GET","params":{"image_filename":"appHeader_atlas_1.png","tool_id":"app-header"}}
{"domain":"server.tool_chrome.canvas.image_chromeatlas2png","image_path":"@kit-tools/chrome/canvas-assets/images/chrome_atlas_2.png","level":"\u001b[32minfo\u001b[39m","message":"GET","params":{"image_filename":"chrome_atlas_2.png","tool_id":"chrome"}}
{"domain":"server.tool_chrome.form","form_schema_path":"/mnt/c/kit-app/apps/sveltekit/tools/chrome/form.json","level":"\u001b[32minfo\u001b[39m","message":"createReadStream"}
{"domain":"server.tool_chrome.form","form_schema_path":"/mnt/c/kit-app/apps/sveltekit/tools/chrome/form.json","level":"\u001b[32minfo\u001b[39m","message":"createReadStream"}
{"domain":"server.tool_chrome.form","form_schema_path":"/mnt/c/kit-app/apps/sveltekit/tools/chrome/form.json","level":"\u001b[32minfo\u001b[39m","message":"createReadStream"}
{"domain":"server.tool_spreadsheet.form","form_schema_path":"/mnt/c/kit-app/apps/sveltekit/tools/spreadsheet/form.json","level":"\u001b[32minfo\u001b[39m","message":"createReadStream"}
{"domain":"server.tool.canvas","level":"\u001b[32minfo\u001b[39m","message":"GET","params":{"tool_id":"checklist"},"requiringFilePath":"@kit-tools/checklist/canvas.js"}
{"domain":"server.tool.canvas","level":"\u001b[32minfo\u001b[39m","message":"GET","params":{"tool_id":"chrome"},"requiringFilePath":"@kit-tools/chrome/canvas.js"}
{"domain":"server.tool.canvas","level":"\u001b[32minfo\u001b[39m","message":"GET","params":{"tool_id":"spreadsheet"},"requiringFilePath":"@kit-tools/spreadsheet/canvas.js"}
{"domain":"server.tool.canvas","level":"\u001b[32minfo\u001b[39m","message":"GET","params":{"tool_id":"app-header"},"requiringFilePath":"@kit-tools/app-header/canvas.js"}
{"domain":"server.tool.canvas","level":"\u001b[32minfo\u001b[39m","message":"GET","params":{"tool_id":"pomodoro"},"requiringFilePath":"@kit-tools/pomodoro/canvas.js"}
{"domain":"server.tool.canvas","level":"\u001b[32minfo\u001b[39m","message":"GET","params":{"tool_id":"lang-switch"},"requiringFilePath":"@kit-tools/lang-switch/canvas.js"}
{"domain":"server.tool.canvas","level":"\u001b[32minfo\u001b[39m","message":"GET","params":{"tool_id":"loc-assoc"},"requiringFilePath":"@kit-tools/loc-assoc/canvas.js"}
{"domain":"server.tool_checklist.canvas.image_checklistatlas1png","image_path":"@kit-tools/checklist/canvas-assets/images/checklist_atlas_1.png","level":"\u001b[32minfo\u001b[39m","message":"GET","params":{"image_filename":"checklist_atlas_1.png","tool_id":"checklist"}}
{"domain":"server.tool_chrome.canvas.image_chromeatlas1png","image_path":"@kit-tools/chrome/canvas-assets/images/chrome_atlas_1.png","level":"\u001b[32minfo\u001b[39m","message":"GET","params":{"image_filename":"chrome_atlas_1.png","tool_id":"chrome"}}
{"domain":"server.tool_spreadsheet.canvas.image_spreadsheetatlas1png","image_path":"@kit-tools/spreadsheet/canvas-assets/images/spreadsheet_atlas_1.png","level":"\u001b[32minfo\u001b[39m","message":"GET","params":{"image_filename":"spreadsheet_atlas_1.png","tool_id":"spreadsheet"}}
{"domain":"server.tool_pomodoro.canvas.image_pomodoroatlas1png","image_path":"@kit-tools/pomodoro/canvas-assets/images/pomodoro_atlas_1.png","level":"\u001b[32minfo\u001b[39m","message":"GET","params":{"image_filename":"pomodoro_atlas_1.png","tool_id":"pomodoro"}}
{"domain":"server.tool_lang-switch.canvas.image_langSwitchatlas1png","image_path":"@kit-tools/lang-switch/canvas-assets/images/langSwitch_atlas_1.png","level":"\u001b[32minfo\u001b[39m","message":"GET","params":{"image_filename":"langSwitch_atlas_1.png","tool_id":"lang-switch"}}
{"domain":"server.tool_app-header.canvas.image_appHeaderatlas1png","image_path":"@kit-tools/app-header/canvas-assets/images/appHeader_atlas_1.png","level":"\u001b[32minfo\u001b[39m","message":"GET","params":{"image_filename":"appHeader_atlas_1.png","tool_id":"app-header"}}
{"domain":"server.tool_chrome.canvas.image_chromeatlas2png","image_path":"@kit-tools/chrome/canvas-assets/images/chrome_atlas_2.png","level":"\u001b[32minfo\u001b[39m","message":"GET","params":{"image_filename":"chrome_atlas_2.png","tool_id":"chrome"}}
{"domain":"server.tool_chrome.form","form_schema_path":"/mnt/c/kit-app/apps/sveltekit/tools/chrome/form.json","level":"\u001b[32minfo\u001b[39m","message":"createReadStream"}
{"domain":"server.tool_spreadsheet.form","form_schema_path":"/mnt/c/kit-app/apps/sveltekit/tools/spreadsheet/form.json","level":"\u001b[32minfo\u001b[39m","message":"createReadStream"}
{"domain":"server.tool_chrome.form","form_schema_path":"/mnt/c/kit-app/apps/sveltekit/tools/chrome/form.json","level":"\u001b[32minfo\u001b[39m","message":"createReadStream"}
{"domain":"server.tool_spreadsheet.form","form_schema_path":"/mnt/c/kit-app/apps/sveltekit/tools/spreadsheet/form.json","level":"\u001b[32minfo\u001b[39m","message":"createReadStream"}
{"domain":"server.tool.canvas","level":"\u001b[32minfo\u001b[39m","message":"GET","params":{"tool_id":"lang-switch"},"requiringFilePath":"@kit-tools/lang-switch/canvas.js"}
{"domain":"server.tool.canvas","level":"\u001b[32minfo\u001b[39m","message":"GET","params":{"tool_id":"spreadsheet"},"requiringFilePath":"@kit-tools/spreadsheet/canvas.js"}
{"domain":"server.tool.canvas","level":"\u001b[32minfo\u001b[39m","message":"GET","params":{"tool_id":"pomodoro"},"requiringFilePath":"@kit-tools/pomodoro/canvas.js"}
{"domain":"server.tool.canvas","level":"\u001b[32minfo\u001b[39m","message":"GET","params":{"tool_id":"app-header"},"requiringFilePath":"@kit-tools/app-header/canvas.js"}
{"domain":"server.tool.canvas","level":"\u001b[32minfo\u001b[39m","message":"GET","params":{"tool_id":"checklist"},"requiringFilePath":"@kit-tools/checklist/canvas.js"}
{"domain":"server.tool.canvas","level":"\u001b[32minfo\u001b[39m","message":"GET","params":{"tool_id":"chrome"},"requiringFilePath":"@kit-tools/chrome/canvas.js"}
{"domain":"server.tool.canvas","level":"\u001b[32minfo\u001b[39m","message":"GET","params":{"tool_id":"loc-assoc"},"requiringFilePath":"@kit-tools/loc-assoc/canvas.js"}
{"domain":"server.tool_lang-switch.canvas.image_langSwitchatlas1png","image_path":"@kit-tools/lang-switch/canvas-assets/images/langSwitch_atlas_1.png","level":"\u001b[32minfo\u001b[39m","message":"GET","params":{"image_filename":"langSwitch_atlas_1.png","tool_id":"lang-switch"}}
{"domain":"server.tool_spreadsheet.canvas.image_spreadsheetatlas1png","image_path":"@kit-tools/spreadsheet/canvas-assets/images/spreadsheet_atlas_1.png","level":"\u001b[32minfo\u001b[39m","message":"GET","params":{"image_filename":"spreadsheet_atlas_1.png","tool_id":"spreadsheet"}}
{"domain":"server.tool_pomodoro.canvas.image_pomodoroatlas1png","image_path":"@kit-tools/pomodoro/canvas-assets/images/pomodoro_atlas_1.png","level":"\u001b[32minfo\u001b[39m","message":"GET","params":{"image_filename":"pomodoro_atlas_1.png","tool_id":"pomodoro"}}
{"domain":"server.tool_chrome.canvas.image_chromeatlas1png","image_path":"@kit-tools/chrome/canvas-assets/images/chrome_atlas_1.png","level":"\u001b[32minfo\u001b[39m","message":"GET","params":{"image_filename":"chrome_atlas_1.png","tool_id":"chrome"}}
{"domain":"server.tool_app-header.canvas.image_appHeaderatlas1png","image_path":"@kit-tools/app-header/canvas-assets/images/appHeader_atlas_1.png","level":"\u001b[32minfo\u001b[39m","message":"GET","params":{"image_filename":"appHeader_atlas_1.png","tool_id":"app-header"}}
{"domain":"server.tool_checklist.canvas.image_checklistatlas1png","image_path":"@kit-tools/checklist/canvas-assets/images/checklist_atlas_1.png","level":"\u001b[32minfo\u001b[39m","message":"GET","params":{"image_filename":"checklist_atlas_1.png","tool_id":"checklist"}}
{"domain":"server.tool_chrome.canvas.image_chromeatlas2png","image_path":"@kit-tools/chrome/canvas-assets/images/chrome_atlas_2.png","level":"\u001b[32minfo\u001b[39m","message":"GET","params":{"image_filename":"chrome_atlas_2.png","tool_id":"chrome"}}
{"domain":"server.tool_chrome.form","form_schema_path":"/mnt/c/kit-app/apps/sveltekit/tools/chrome/form.json","level":"\u001b[32minfo\u001b[39m","message":"createReadStream"}
{"domain":"server.tool_lang-switch.form","form_schema_path":"/mnt/c/kit-app/apps/sveltekit/tools/lang-switch/form.json","level":"\u001b[32minfo\u001b[39m","message":"createReadStream"}
{"domain":"server.tool_pomodoro.form","form_schema_path":"/mnt/c/kit-app/apps/sveltekit/tools/pomodoro/form.json","level":"\u001b[32minfo\u001b[39m","message":"createReadStream"}
{"domain":"server.tool_loc-assoc.form","form_schema_path":"/mnt/c/kit-app/apps/sveltekit/tools/loc-assoc/form.json","level":"\u001b[32minfo\u001b[39m","message":"createReadStream"}
{"domain":"server.tool_spreadsheet.form","form_schema_path":"/mnt/c/kit-app/apps/sveltekit/tools/spreadsheet/form.json","level":"\u001b[32minfo\u001b[39m","message":"createReadStream"}
{"domain":"server.tool.canvas","level":"\u001b[32minfo\u001b[39m","message":"GET","params":{"tool_id":"checklist"},"requiringFilePath":"@kit-tools/checklist/canvas.js"}
{"domain":"server.tool.canvas","level":"\u001b[32minfo\u001b[39m","message":"GET","params":{"tool_id":"loc-assoc"},"requiringFilePath":"@kit-tools/loc-assoc/canvas.js"}
{"domain":"server.tool.canvas","level":"\u001b[32minfo\u001b[39m","message":"GET","params":{"tool_id":"app-header"},"requiringFilePath":"@kit-tools/app-header/canvas.js"}
{"domain":"server.tool.canvas","level":"\u001b[32minfo\u001b[39m","message":"GET","params":{"tool_id":"lang-switch"},"requiringFilePath":"@kit-tools/lang-switch/canvas.js"}
{"domain":"server.tool.canvas","level":"\u001b[32minfo\u001b[39m","message":"GET","params":{"tool_id":"pomodoro"},"requiringFilePath":"@kit-tools/pomodoro/canvas.js"}
{"domain":"server.tool.canvas","level":"\u001b[32minfo\u001b[39m","message":"GET","params":{"tool_id":"spreadsheet"},"requiringFilePath":"@kit-tools/spreadsheet/canvas.js"}
{"domain":"server.tool.canvas","level":"\u001b[32minfo\u001b[39m","message":"GET","params":{"tool_id":"chrome"},"requiringFilePath":"@kit-tools/chrome/canvas.js"}
{"domain":"server.tool_checklist.canvas.image_checklistatlas1png","image_path":"@kit-tools/checklist/canvas-assets/images/checklist_atlas_1.png","level":"\u001b[32minfo\u001b[39m","message":"GET","params":{"image_filename":"checklist_atlas_1.png","tool_id":"checklist"}}
{"domain":"server.tool_app-header.canvas.image_appHeaderatlas1png","image_path":"@kit-tools/app-header/canvas-assets/images/appHeader_atlas_1.png","level":"\u001b[32minfo\u001b[39m","message":"GET","params":{"image_filename":"appHeader_atlas_1.png","tool_id":"app-header"}}
{"domain":"server.tool_pomodoro.canvas.image_pomodoroatlas1png","image_path":"@kit-tools/pomodoro/canvas-assets/images/pomodoro_atlas_1.png","level":"\u001b[32minfo\u001b[39m","message":"GET","params":{"image_filename":"pomodoro_atlas_1.png","tool_id":"pomodoro"}}
{"domain":"server.tool_lang-switch.canvas.image_langSwitchatlas1png","image_path":"@kit-tools/lang-switch/canvas-assets/images/langSwitch_atlas_1.png","level":"\u001b[32minfo\u001b[39m","message":"GET","params":{"image_filename":"langSwitch_atlas_1.png","tool_id":"lang-switch"}}
{"domain":"server.tool_spreadsheet.canvas.image_spreadsheetatlas1png","image_path":"@kit-tools/spreadsheet/canvas-assets/images/spreadsheet_atlas_1.png","level":"\u001b[32minfo\u001b[39m","message":"GET","params":{"image_filename":"spreadsheet_atlas_1.png","tool_id":"spreadsheet"}}
{"domain":"server.tool_chrome.canvas.image_chromeatlas1png","image_path":"@kit-tools/chrome/canvas-assets/images/chrome_atlas_1.png","level":"\u001b[32minfo\u001b[39m","message":"GET","params":{"image_filename":"chrome_atlas_1.png","tool_id":"chrome"}}
{"domain":"server.tool_chrome.canvas.image_chromeatlas2png","image_path":"@kit-tools/chrome/canvas-assets/images/chrome_atlas_2.png","level":"\u001b[32minfo\u001b[39m","message":"GET","params":{"image_filename":"chrome_atlas_2.png","tool_id":"chrome"}}
{"domain":"server.tool_chrome.form","form_schema_path":"/mnt/c/kit-app/apps/sveltekit/tools/chrome/form.json","level":"\u001b[32minfo\u001b[39m","message":"createReadStream"}
{"domain":"server.tool_checklist.form","form_schema_path":"/mnt/c/kit-app/apps/sveltekit/tools/checklist/form.json","level":"\u001b[32minfo\u001b[39m","message":"createReadStream"}
{"domain":"server.tool.canvas","level":"\u001b[32minfo\u001b[39m","message":"GET","params":{"tool_id":"checklist"},"requiringFilePath":"@kit-tools/checklist/canvas.js"}
{"domain":"server.tool.canvas","level":"\u001b[32minfo\u001b[39m","message":"GET","params":{"tool_id":"app-header"},"requiringFilePath":"@kit-tools/app-header/canvas.js"}
{"domain":"server.tool.canvas","level":"\u001b[32minfo\u001b[39m","message":"GET","params":{"tool_id":"spreadsheet"},"requiringFilePath":"@kit-tools/spreadsheet/canvas.js"}
{"domain":"server.tool.canvas","level":"\u001b[32minfo\u001b[39m","message":"GET","params":{"tool_id":"chrome"},"requiringFilePath":"@kit-tools/chrome/canvas.js"}
{"domain":"server.tool.canvas","level":"\u001b[32minfo\u001b[39m","message":"GET","params":{"tool_id":"loc-assoc"},"requiringFilePath":"@kit-tools/loc-assoc/canvas.js"}
{"domain":"server.tool.canvas","level":"\u001b[32minfo\u001b[39m","message":"GET","params":{"tool_id":"pomodoro"},"requiringFilePath":"@kit-tools/pomodoro/canvas.js"}
{"domain":"server.tool.canvas","level":"\u001b[32minfo\u001b[39m","message":"GET","params":{"tool_id":"lang-switch"},"requiringFilePath":"@kit-tools/lang-switch/canvas.js"}
{"domain":"server.tool_spreadsheet.canvas.image_spreadsheetatlas1png","image_path":"@kit-tools/spreadsheet/canvas-assets/images/spreadsheet_atlas_1.png","level":"\u001b[32minfo\u001b[39m","message":"GET","params":{"image_filename":"spreadsheet_atlas_1.png","tool_id":"spreadsheet"}}
{"domain":"server.tool_app-header.canvas.image_appHeaderatlas1png","image_path":"@kit-tools/app-header/canvas-assets/images/appHeader_atlas_1.png","level":"\u001b[32minfo\u001b[39m","message":"GET","params":{"image_filename":"appHeader_atlas_1.png","tool_id":"app-header"}}
{"domain":"server.tool_checklist.canvas.image_checklistatlas1png","image_path":"@kit-tools/checklist/canvas-assets/images/checklist_atlas_1.png","level":"\u001b[32minfo\u001b[39m","message":"GET","params":{"image_filename":"checklist_atlas_1.png","tool_id":"checklist"}}
{"domain":"server.tool_chrome.canvas.image_chromeatlas1png","image_path":"@kit-tools/chrome/canvas-assets/images/chrome_atlas_1.png","level":"\u001b[32minfo\u001b[39m","message":"GET","params":{"image_filename":"chrome_atlas_1.png","tool_id":"chrome"}}
{"domain":"server.tool_lang-switch.canvas.image_langSwitchatlas1png","image_path":"@kit-tools/lang-switch/canvas-assets/images/langSwitch_atlas_1.png","level":"\u001b[32minfo\u001b[39m","message":"GET","params":{"image_filename":"langSwitch_atlas_1.png","tool_id":"lang-switch"}}
{"domain":"server.tool_pomodoro.canvas.image_pomodoroatlas1png","image_path":"@kit-tools/pomodoro/canvas-assets/images/pomodoro_atlas_1.png","level":"\u001b[32minfo\u001b[39m","message":"GET","params":{"image_filename":"pomodoro_atlas_1.png","tool_id":"pomodoro"}}
{"domain":"server.tool_chrome.canvas.image_chromeatlas2png","image_path":"@kit-tools/chrome/canvas-assets/images/chrome_atlas_2.png","level":"\u001b[32minfo\u001b[39m","message":"GET","params":{"image_filename":"chrome_atlas_2.png","tool_id":"chrome"}}
{"domain":"server.tool.canvas","level":"\u001b[32minfo\u001b[39m","message":"GET","params":{"tool_id":"app-header"},"requiringFilePath":"@kit-tools/app-header/canvas.js"}
{"domain":"server.tool.canvas","level":"\u001b[32minfo\u001b[39m","message":"GET","params":{"tool_id":"spreadsheet"},"requiringFilePath":"@kit-tools/spreadsheet/canvas.js"}
{"domain":"server.tool.canvas","level":"\u001b[32minfo\u001b[39m","message":"GET","params":{"tool_id":"checklist"},"requiringFilePath":"@kit-tools/checklist/canvas.js"}
{"domain":"server.tool.canvas","level":"\u001b[32minfo\u001b[39m","message":"GET","params":{"tool_id":"pomodoro"},"requiringFilePath":"@kit-tools/pomodoro/canvas.js"}
{"domain":"server.tool.canvas","level":"\u001b[32minfo\u001b[39m","message":"GET","params":{"tool_id":"chrome"},"requiringFilePath":"@kit-tools/chrome/canvas.js"}
{"domain":"server.tool.canvas","level":"\u001b[32minfo\u001b[39m","message":"GET","params":{"tool_id":"lang-switch"},"requiringFilePath":"@kit-tools/lang-switch/canvas.js"}
{"domain":"server.tool.canvas","level":"\u001b[32minfo\u001b[39m","message":"GET","params":{"tool_id":"loc-assoc"},"requiringFilePath":"@kit-tools/loc-assoc/canvas.js"}
{"domain":"server.tool_app-header.canvas.image_appHeaderatlas1png","image_path":"@kit-tools/app-header/canvas-assets/images/appHeader_atlas_1.png","level":"\u001b[32minfo\u001b[39m","message":"GET","params":{"image_filename":"appHeader_atlas_1.png","tool_id":"app-header"}}
{"domain":"server.tool_checklist.canvas.image_checklistatlas1png","image_path":"@kit-tools/checklist/canvas-assets/images/checklist_atlas_1.png","level":"\u001b[32minfo\u001b[39m","message":"GET","params":{"image_filename":"checklist_atlas_1.png","tool_id":"checklist"}}
{"domain":"server.tool_pomodoro.canvas.image_pomodoroatlas1png","image_path":"@kit-tools/pomodoro/canvas-assets/images/pomodoro_atlas_1.png","level":"\u001b[32minfo\u001b[39m","message":"GET","params":{"image_filename":"pomodoro_atlas_1.png","tool_id":"pomodoro"}}
{"domain":"server.tool_chrome.canvas.image_chromeatlas1png","image_path":"@kit-tools/chrome/canvas-assets/images/chrome_atlas_1.png","level":"\u001b[32minfo\u001b[39m","message":"GET","params":{"image_filename":"chrome_atlas_1.png","tool_id":"chrome"}}
{"domain":"server.tool_spreadsheet.canvas.image_spreadsheetatlas1png","image_path":"@kit-tools/spreadsheet/canvas-assets/images/spreadsheet_atlas_1.png","level":"\u001b[32minfo\u001b[39m","message":"GET","params":{"image_filename":"spreadsheet_atlas_1.png","tool_id":"spreadsheet"}}
{"domain":"server.tool_lang-switch.canvas.image_langSwitchatlas1png","image_path":"@kit-tools/lang-switch/canvas-assets/images/langSwitch_atlas_1.png","level":"\u001b[32minfo\u001b[39m","message":"GET","params":{"image_filename":"langSwitch_atlas_1.png","tool_id":"lang-switch"}}
{"domain":"server.tool_chrome.canvas.image_chromeatlas2png","image_path":"@kit-tools/chrome/canvas-assets/images/chrome_atlas_2.png","level":"\u001b[32minfo\u001b[39m","message":"GET","params":{"image_filename":"chrome_atlas_2.png","tool_id":"chrome"}}
{"domain":"server.tool.canvas","level":"\u001b[32minfo\u001b[39m","message":"GET","params":{"tool_id":"app-header"},"requiringFilePath":"@kit-tools/app-header/canvas.js"}
{"domain":"server.tool.canvas","level":"\u001b[32minfo\u001b[39m","message":"GET","params":{"tool_id":"chrome"},"requiringFilePath":"@kit-tools/chrome/canvas.js"}
{"domain":"server.tool.canvas","level":"\u001b[32minfo\u001b[39m","message":"GET","params":{"tool_id":"spreadsheet"},"requiringFilePath":"@kit-tools/spreadsheet/canvas.js"}
{"domain":"server.tool.canvas","level":"\u001b[32minfo\u001b[39m","message":"GET","params":{"tool_id":"checklist"},"requiringFilePath":"@kit-tools/checklist/canvas.js"}
{"domain":"server.tool.canvas","level":"\u001b[32minfo\u001b[39m","message":"GET","params":{"tool_id":"loc-assoc"},"requiringFilePath":"@kit-tools/loc-assoc/canvas.js"}
{"domain":"server.tool.canvas","level":"\u001b[32minfo\u001b[39m","message":"GET","params":{"tool_id":"lang-switch"},"requiringFilePath":"@kit-tools/lang-switch/canvas.js"}
{"domain":"server.tool.canvas","level":"\u001b[32minfo\u001b[39m","message":"GET","params":{"tool_id":"pomodoro"},"requiringFilePath":"@kit-tools/pomodoro/canvas.js"}
{"domain":"server.tool_app-header.canvas.image_appHeaderatlas1png","image_path":"@kit-tools/app-header/canvas-assets/images/appHeader_atlas_1.png","level":"\u001b[32minfo\u001b[39m","message":"GET","params":{"image_filename":"appHeader_atlas_1.png","tool_id":"app-header"}}
{"domain":"server.tool_spreadsheet.canvas.image_spreadsheetatlas1png","image_path":"@kit-tools/spreadsheet/canvas-assets/images/spreadsheet_atlas_1.png","level":"\u001b[32minfo\u001b[39m","message":"GET","params":{"image_filename":"spreadsheet_atlas_1.png","tool_id":"spreadsheet"}}
{"domain":"server.tool_checklist.canvas.image_checklistatlas1png","image_path":"@kit-tools/checklist/canvas-assets/images/checklist_atlas_1.png","level":"\u001b[32minfo\u001b[39m","message":"GET","params":{"image_filename":"checklist_atlas_1.png","tool_id":"checklist"}}
{"domain":"server.tool_chrome.canvas.image_chromeatlas1png","image_path":"@kit-tools/chrome/canvas-assets/images/chrome_atlas_1.png","level":"\u001b[32minfo\u001b[39m","message":"GET","params":{"image_filename":"chrome_atlas_1.png","tool_id":"chrome"}}
{"domain":"server.tool_lang-switch.canvas.image_langSwitchatlas1png","image_path":"@kit-tools/lang-switch/canvas-assets/images/langSwitch_atlas_1.png","level":"\u001b[32minfo\u001b[39m","message":"GET","params":{"image_filename":"langSwitch_atlas_1.png","tool_id":"lang-switch"}}
{"domain":"server.tool_pomodoro.canvas.image_pomodoroatlas1png","image_path":"@kit-tools/pomodoro/canvas-assets/images/pomodoro_atlas_1.png","level":"\u001b[32minfo\u001b[39m","message":"GET","params":{"image_filename":"pomodoro_atlas_1.png","tool_id":"pomodoro"}}
{"domain":"server.tool_chrome.canvas.image_chromeatlas2png","image_path":"@kit-tools/chrome/canvas-assets/images/chrome_atlas_2.png","level":"\u001b[32minfo\u001b[39m","message":"GET","params":{"image_filename":"chrome_atlas_2.png","tool_id":"chrome"}}
{"domain":"server.tool_chrome.form","form_schema_path":"/mnt/c/kit-app/apps/sveltekit/tools/chrome/form.json","level":"\u001b[32minfo\u001b[39m","message":"createReadStream"}
{"domain":"server.tool.canvas","level":"\u001b[32minfo\u001b[39m","message":"GET","params":{"tool_id":"pomodoro"},"requiringFilePath":"@kit-tools/pomodoro/canvas.js"}
{"domain":"server.tool.canvas","level":"\u001b[32minfo\u001b[39m","message":"GET","params":{"tool_id":"checklist"},"requiringFilePath":"@kit-tools/checklist/canvas.js"}
{"domain":"server.tool.canvas","level":"\u001b[32minfo\u001b[39m","message":"GET","params":{"tool_id":"chrome"},"requiringFilePath":"@kit-tools/chrome/canvas.js"}
{"domain":"server.tool.canvas","level":"\u001b[32minfo\u001b[39m","message":"GET","params":{"tool_id":"spreadsheet"},"requiringFilePath":"@kit-tools/spreadsheet/canvas.js"}
{"domain":"server.tool.canvas","level":"\u001b[32minfo\u001b[39m","message":"GET","params":{"tool_id":"lang-switch"},"requiringFilePath":"@kit-tools/lang-switch/canvas.js"}
{"domain":"server.tool.canvas","level":"\u001b[32minfo\u001b[39m","message":"GET","params":{"tool_id":"loc-assoc"},"requiringFilePath":"@kit-tools/loc-assoc/canvas.js"}
{"domain":"server.tool.canvas","level":"\u001b[32minfo\u001b[39m","message":"GET","params":{"tool_id":"app-header"},"requiringFilePath":"@kit-tools/app-header/canvas.js"}
{"domain":"server.tool_pomodoro.canvas.image_pomodoroatlas1png","image_path":"@kit-tools/pomodoro/canvas-assets/images/pomodoro_atlas_1.png","level":"\u001b[32minfo\u001b[39m","message":"GET","params":{"image_filename":"pomodoro_atlas_1.png","tool_id":"pomodoro"}}
{"domain":"server.tool_checklist.canvas.image_checklistatlas1png","image_path":"@kit-tools/checklist/canvas-assets/images/checklist_atlas_1.png","level":"\u001b[32minfo\u001b[39m","message":"GET","params":{"image_filename":"checklist_atlas_1.png","tool_id":"checklist"}}
{"domain":"server.tool_chrome.canvas.image_chromeatlas1png","image_path":"@kit-tools/chrome/canvas-assets/images/chrome_atlas_1.png","level":"\u001b[32minfo\u001b[39m","message":"GET","params":{"image_filename":"chrome_atlas_1.png","tool_id":"chrome"}}
{"domain":"server.tool_spreadsheet.canvas.image_spreadsheetatlas1png","image_path":"@kit-tools/spreadsheet/canvas-assets/images/spreadsheet_atlas_1.png","level":"\u001b[32minfo\u001b[39m","message":"GET","params":{"image_filename":"spreadsheet_atlas_1.png","tool_id":"spreadsheet"}}
{"domain":"server.tool_app-header.canvas.image_appHeaderatlas1png","image_path":"@kit-tools/app-header/canvas-assets/images/appHeader_atlas_1.png","level":"\u001b[32minfo\u001b[39m","message":"GET","params":{"image_filename":"appHeader_atlas_1.png","tool_id":"app-header"}}
{"domain":"server.tool_lang-switch.canvas.image_langSwitchatlas1png","image_path":"@kit-tools/lang-switch/canvas-assets/images/langSwitch_atlas_1.png","level":"\u001b[32minfo\u001b[39m","message":"GET","params":{"image_filename":"langSwitch_atlas_1.png","tool_id":"lang-switch"}}
{"domain":"server.tool_chrome.canvas.image_chromeatlas2png","image_path":"@kit-tools/chrome/canvas-assets/images/chrome_atlas_2.png","level":"\u001b[32minfo\u001b[39m","message":"GET","params":{"image_filename":"chrome_atlas_2.png","tool_id":"chrome"}}
{"domain":"server.tool.canvas","level":"\u001b[32minfo\u001b[39m","message":"GET","params":{"tool_id":"loc-assoc"},"requiringFilePath":"@kit-tools/loc-assoc/canvas.js"}
{"domain":"server.tool.canvas","level":"\u001b[32minfo\u001b[39m","message":"GET","params":{"tool_id":"pomodoro"},"requiringFilePath":"@kit-tools/pomodoro/canvas.js"}
{"domain":"server.tool.canvas","level":"\u001b[32minfo\u001b[39m","message":"GET","params":{"tool_id":"checklist"},"requiringFilePath":"@kit-tools/checklist/canvas.js"}
{"domain":"server.tool.canvas","level":"\u001b[32minfo\u001b[39m","message":"GET","params":{"tool_id":"chrome"},"requiringFilePath":"@kit-tools/chrome/canvas.js"}
{"domain":"server.tool.canvas","level":"\u001b[32minfo\u001b[39m","message":"GET","params":{"tool_id":"spreadsheet"},"requiringFilePath":"@kit-tools/spreadsheet/canvas.js"}
{"domain":"server.tool.canvas","level":"\u001b[32minfo\u001b[39m","message":"GET","params":{"tool_id":"app-header"},"requiringFilePath":"@kit-tools/app-header/canvas.js"}
{"domain":"server.tool.canvas","level":"\u001b[32minfo\u001b[39m","message":"GET","params":{"tool_id":"lang-switch"},"requiringFilePath":"@kit-tools/lang-switch/canvas.js"}
{"domain":"server.tool_checklist.canvas.image_checklistatlas1png","image_path":"@kit-tools/checklist/canvas-assets/images/checklist_atlas_1.png","level":"\u001b[32minfo\u001b[39m","message":"GET","params":{"image_filename":"checklist_atlas_1.png","tool_id":"checklist"}}
{"domain":"server.tool_spreadsheet.canvas.image_spreadsheetatlas1png","image_path":"@kit-tools/spreadsheet/canvas-assets/images/spreadsheet_atlas_1.png","level":"\u001b[32minfo\u001b[39m","message":"GET","params":{"image_filename":"spreadsheet_atlas_1.png","tool_id":"spreadsheet"}}
{"domain":"server.tool_pomodoro.canvas.image_pomodoroatlas1png","image_path":"@kit-tools/pomodoro/canvas-assets/images/pomodoro_atlas_1.png","level":"\u001b[32minfo\u001b[39m","message":"GET","params":{"image_filename":"pomodoro_atlas_1.png","tool_id":"pomodoro"}}
{"domain":"server.tool_chrome.canvas.image_chromeatlas1png","image_path":"@kit-tools/chrome/canvas-assets/images/chrome_atlas_1.png","level":"\u001b[32minfo\u001b[39m","message":"GET","params":{"image_filename":"chrome_atlas_1.png","tool_id":"chrome"}}
{"domain":"server.tool_app-header.canvas.image_appHeaderatlas1png","image_path":"@kit-tools/app-header/canvas-assets/images/appHeader_atlas_1.png","level":"\u001b[32minfo\u001b[39m","message":"GET","params":{"image_filename":"appHeader_atlas_1.png","tool_id":"app-header"}}
{"domain":"server.tool_lang-switch.canvas.image_langSwitchatlas1png","image_path":"@kit-tools/lang-switch/canvas-assets/images/langSwitch_atlas_1.png","level":"\u001b[32minfo\u001b[39m","message":"GET","params":{"image_filename":"langSwitch_atlas_1.png","tool_id":"lang-switch"}}
{"domain":"server.tool_chrome.canvas.image_chromeatlas2png","image_path":"@kit-tools/chrome/canvas-assets/images/chrome_atlas_2.png","level":"\u001b[32minfo\u001b[39m","message":"GET","params":{"image_filename":"chrome_atlas_2.png","tool_id":"chrome"}}
{"domain":"server.tool_chrome.form","form_schema_path":"/mnt/c/kit-app/apps/sveltekit/tools/chrome/form.json","level":"\u001b[32minfo\u001b[39m","message":"createReadStream"}
{"domain":"server.tool_chrome.form","form_schema_path":"/mnt/c/kit-app/apps/sveltekit/tools/chrome/form.json","level":"\u001b[32minfo\u001b[39m","message":"createReadStream"}
{"domain":"server.tool_lang-switch.form","form_schema_path":"/mnt/c/kit-app/apps/sveltekit/tools/lang-switch/form.json","level":"\u001b[32minfo\u001b[39m","message":"createReadStream"}
{"domain":"server.tool_chrome.form","form_schema_path":"/mnt/c/kit-app/apps/sveltekit/tools/chrome/form.json","level":"\u001b[32minfo\u001b[39m","message":"createReadStream"}
{"domain":"server.tool_lang-switch.form","form_schema_path":"/mnt/c/kit-app/apps/sveltekit/tools/lang-switch/form.json","level":"\u001b[32minfo\u001b[39m","message":"createReadStream"}
{"domain":"server.tool.canvas","level":"\u001b[32minfo\u001b[39m","message":"GET","params":{"tool_id":"pomodoro"},"requiringFilePath":"@kit-tools/pomodoro/canvas.js"}
{"domain":"server.tool.canvas","level":"\u001b[32minfo\u001b[39m","message":"GET","params":{"tool_id":"spreadsheet"},"requiringFilePath":"@kit-tools/spreadsheet/canvas.js"}
{"domain":"server.tool.canvas","level":"\u001b[32minfo\u001b[39m","message":"GET","params":{"tool_id":"chrome"},"requiringFilePath":"@kit-tools/chrome/canvas.js"}
{"domain":"server.tool.canvas","level":"\u001b[32minfo\u001b[39m","message":"GET","params":{"tool_id":"loc-assoc"},"requiringFilePath":"@kit-tools/loc-assoc/canvas.js"}
{"domain":"server.tool.canvas","level":"\u001b[32minfo\u001b[39m","message":"GET","params":{"tool_id":"lang-switch"},"requiringFilePath":"@kit-tools/lang-switch/canvas.js"}
{"domain":"server.tool.canvas","level":"\u001b[32minfo\u001b[39m","message":"GET","params":{"tool_id":"checklist"},"requiringFilePath":"@kit-tools/checklist/canvas.js"}
{"domain":"server.tool.canvas","level":"\u001b[32minfo\u001b[39m","message":"GET","params":{"tool_id":"app-header"},"requiringFilePath":"@kit-tools/app-header/canvas.js"}
{"domain":"server.tool_pomodoro.canvas.image_pomodoroatlas1png","image_path":"@kit-tools/pomodoro/canvas-assets/images/pomodoro_atlas_1.png","level":"\u001b[32minfo\u001b[39m","message":"GET","params":{"image_filename":"pomodoro_atlas_1.png","tool_id":"pomodoro"}}
{"domain":"server.tool_spreadsheet.canvas.image_spreadsheetatlas1png","image_path":"@kit-tools/spreadsheet/canvas-assets/images/spreadsheet_atlas_1.png","level":"\u001b[32minfo\u001b[39m","message":"GET","params":{"image_filename":"spreadsheet_atlas_1.png","tool_id":"spreadsheet"}}
{"domain":"server.tool_chrome.canvas.image_chromeatlas1png","image_path":"@kit-tools/chrome/canvas-assets/images/chrome_atlas_1.png","level":"\u001b[32minfo\u001b[39m","message":"GET","params":{"image_filename":"chrome_atlas_1.png","tool_id":"chrome"}}
{"domain":"server.tool_lang-switch.canvas.image_langSwitchatlas1png","image_path":"@kit-tools/lang-switch/canvas-assets/images/langSwitch_atlas_1.png","level":"\u001b[32minfo\u001b[39m","message":"GET","params":{"image_filename":"langSwitch_atlas_1.png","tool_id":"lang-switch"}}
{"domain":"server.tool_checklist.canvas.image_checklistatlas1png","image_path":"@kit-tools/checklist/canvas-assets/images/checklist_atlas_1.png","level":"\u001b[32minfo\u001b[39m","message":"GET","params":{"image_filename":"checklist_atlas_1.png","tool_id":"checklist"}}
{"domain":"server.tool_app-header.canvas.image_appHeaderatlas1png","image_path":"@kit-tools/app-header/canvas-assets/images/appHeader_atlas_1.png","level":"\u001b[32minfo\u001b[39m","message":"GET","params":{"image_filename":"appHeader_atlas_1.png","tool_id":"app-header"}}
{"domain":"server.tool_chrome.canvas.image_chromeatlas2png","image_path":"@kit-tools/chrome/canvas-assets/images/chrome_atlas_2.png","level":"\u001b[32minfo\u001b[39m","message":"GET","params":{"image_filename":"chrome_atlas_2.png","tool_id":"chrome"}}
{"domain":"server.tool_lang-switch.form","form_schema_path":"/mnt/c/kit-app/apps/sveltekit/tools/lang-switch/form.json","level":"\u001b[32minfo\u001b[39m","message":"createReadStream"}
{"domain":"server.tool_loc-assoc.form","form_schema_path":"/mnt/c/kit-app/apps/sveltekit/tools/loc-assoc/form.json","level":"\u001b[32minfo\u001b[39m","message":"createReadStream"}
{"domain":"server.tool_checklist.form","form_schema_path":"/mnt/c/kit-app/apps/sveltekit/tools/checklist/form.json","level":"\u001b[32minfo\u001b[39m","message":"createReadStream"}
{"domain":"server.tool_chrome.form","form_schema_path":"/mnt/c/kit-app/apps/sveltekit/tools/chrome/form.json","level":"\u001b[32minfo\u001b[39m","message":"createReadStream"}
{"domain":"server.tool.canvas","level":"\u001b[32minfo\u001b[39m","message":"GET","params":{"tool_id":"pomodoro"},"requiringFilePath":"@kit-tools/pomodoro/canvas.js"}
{"domain":"server.tool.canvas","level":"\u001b[32minfo\u001b[39m","message":"GET","params":{"tool_id":"spreadsheet"},"requiringFilePath":"@kit-tools/spreadsheet/canvas.js"}
{"domain":"server.tool.canvas","level":"\u001b[32minfo\u001b[39m","message":"GET","params":{"tool_id":"lang-switch"},"requiringFilePath":"@kit-tools/lang-switch/canvas.js"}
{"domain":"server.tool.canvas","level":"\u001b[32minfo\u001b[39m","message":"GET","params":{"tool_id":"app-header"},"requiringFilePath":"@kit-tools/app-header/canvas.js"}
{"domain":"server.tool.canvas","level":"\u001b[32minfo\u001b[39m","message":"GET","params":{"tool_id":"chrome"},"requiringFilePath":"@kit-tools/chrome/canvas.js"}
{"domain":"server.tool.canvas","level":"\u001b[32minfo\u001b[39m","message":"GET","params":{"tool_id":"loc-assoc"},"requiringFilePath":"@kit-tools/loc-assoc/canvas.js"}
{"domain":"server.tool.canvas","level":"\u001b[32minfo\u001b[39m","message":"GET","params":{"tool_id":"checklist"},"requiringFilePath":"@kit-tools/checklist/canvas.js"}
{"domain":"server.tool_pomodoro.canvas.image_pomodoroatlas1png","image_path":"@kit-tools/pomodoro/canvas-assets/images/pomodoro_atlas_1.png","level":"\u001b[32minfo\u001b[39m","message":"GET","params":{"image_filename":"pomodoro_atlas_1.png","tool_id":"pomodoro"}}
{"domain":"server.tool_lang-switch.canvas.image_langSwitchatlas1png","image_path":"@kit-tools/lang-switch/canvas-assets/images/langSwitch_atlas_1.png","level":"\u001b[32minfo\u001b[39m","message":"GET","params":{"image_filename":"langSwitch_atlas_1.png","tool_id":"lang-switch"}}
{"domain":"server.tool_app-header.canvas.image_appHeaderatlas1png","image_path":"@kit-tools/app-header/canvas-assets/images/appHeader_atlas_1.png","level":"\u001b[32minfo\u001b[39m","message":"GET","params":{"image_filename":"appHeader_atlas_1.png","tool_id":"app-header"}}
{"domain":"server.tool_spreadsheet.canvas.image_spreadsheetatlas1png","image_path":"@kit-tools/spreadsheet/canvas-assets/images/spreadsheet_atlas_1.png","level":"\u001b[32minfo\u001b[39m","message":"GET","params":{"image_filename":"spreadsheet_atlas_1.png","tool_id":"spreadsheet"}}
{"domain":"server.tool_chrome.canvas.image_chromeatlas1png","image_path":"@kit-tools/chrome/canvas-assets/images/chrome_atlas_1.png","level":"\u001b[32minfo\u001b[39m","message":"GET","params":{"image_filename":"chrome_atlas_1.png","tool_id":"chrome"}}
{"domain":"server.tool_checklist.canvas.image_checklistatlas1png","image_path":"@kit-tools/checklist/canvas-assets/images/checklist_atlas_1.png","level":"\u001b[32minfo\u001b[39m","message":"GET","params":{"image_filename":"checklist_atlas_1.png","tool_id":"checklist"}}
{"domain":"server.tool_chrome.canvas.image_chromeatlas2png","image_path":"@kit-tools/chrome/canvas-assets/images/chrome_atlas_2.png","level":"\u001b[32minfo\u001b[39m","message":"GET","params":{"image_filename":"chrome_atlas_2.png","tool_id":"chrome"}}
{"domain":"server.tool.canvas","level":"\u001b[32minfo\u001b[39m","message":"GET","params":{"tool_id":"checklist"},"requiringFilePath":"@kit-tools/checklist/canvas.js"}
{"domain":"server.tool.canvas","level":"\u001b[32minfo\u001b[39m","message":"GET","params":{"tool_id":"app-header"},"requiringFilePath":"@kit-tools/app-header/canvas.js"}
{"domain":"server.tool.canvas","level":"\u001b[32minfo\u001b[39m","message":"GET","params":{"tool_id":"loc-assoc"},"requiringFilePath":"@kit-tools/loc-assoc/canvas.js"}
{"domain":"server.tool.canvas","level":"\u001b[32minfo\u001b[39m","message":"GET","params":{"tool_id":"pomodoro"},"requiringFilePath":"@kit-tools/pomodoro/canvas.js"}
{"domain":"server.tool.canvas","level":"\u001b[32minfo\u001b[39m","message":"GET","params":{"tool_id":"lang-switch"},"requiringFilePath":"@kit-tools/lang-switch/canvas.js"}
{"domain":"server.tool.canvas","level":"\u001b[32minfo\u001b[39m","message":"GET","params":{"tool_id":"spreadsheet"},"requiringFilePath":"@kit-tools/spreadsheet/canvas.js"}
{"domain":"server.tool.canvas","level":"\u001b[32minfo\u001b[39m","message":"GET","params":{"tool_id":"chrome"},"requiringFilePath":"@kit-tools/chrome/canvas.js"}
{"domain":"server.tool_checklist.canvas.image_checklistatlas1png","image_path":"@kit-tools/checklist/canvas-assets/images/checklist_atlas_1.png","level":"\u001b[32minfo\u001b[39m","message":"GET","params":{"image_filename":"checklist_atlas_1.png","tool_id":"checklist"}}
{"domain":"server.tool_app-header.canvas.image_appHeaderatlas1png","image_path":"@kit-tools/app-header/canvas-assets/images/appHeader_atlas_1.png","level":"\u001b[32minfo\u001b[39m","message":"GET","params":{"image_filename":"appHeader_atlas_1.png","tool_id":"app-header"}}
{"domain":"server.tool_spreadsheet.canvas.image_spreadsheetatlas1png","image_path":"@kit-tools/spreadsheet/canvas-assets/images/spreadsheet_atlas_1.png","level":"\u001b[32minfo\u001b[39m","message":"GET","params":{"image_filename":"spreadsheet_atlas_1.png","tool_id":"spreadsheet"}}
{"domain":"server.tool_lang-switch.canvas.image_langSwitchatlas1png","image_path":"@kit-tools/lang-switch/canvas-assets/images/langSwitch_atlas_1.png","level":"\u001b[32minfo\u001b[39m","message":"GET","params":{"image_filename":"langSwitch_atlas_1.png","tool_id":"lang-switch"}}
{"domain":"server.tool_pomodoro.canvas.image_pomodoroatlas1png","image_path":"@kit-tools/pomodoro/canvas-assets/images/pomodoro_atlas_1.png","level":"\u001b[32minfo\u001b[39m","message":"GET","params":{"image_filename":"pomodoro_atlas_1.png","tool_id":"pomodoro"}}
{"domain":"server.tool_chrome.canvas.image_chromeatlas1png","image_path":"@kit-tools/chrome/canvas-assets/images/chrome_atlas_1.png","level":"\u001b[32minfo\u001b[39m","message":"GET","params":{"image_filename":"chrome_atlas_1.png","tool_id":"chrome"}}
{"domain":"server.tool_chrome.canvas.image_chromeatlas2png","image_path":"@kit-tools/chrome/canvas-assets/images/chrome_atlas_2.png","level":"\u001b[32minfo\u001b[39m","message":"GET","params":{"image_filename":"chrome_atlas_2.png","tool_id":"chrome"}}
