{"domain":"server","event":{"cookies":{},"isDataRequest":false,"locals":{},"params":{},"request":{},"route":{"id":"/"},"url":"http://localhost:5173/"},"level":"\u001b[32minfo\u001b[39m","message":"handle"}
{"domain":"server","event":{"cookies":{},"isDataRequest":false,"locals":{},"params":{},"request":{},"route":{"id":"/"},"url":"http://localhost:5173/"},"level":"\u001b[32minfo\u001b[39m","message":"handle"}
{"domain":"server","event":{"cookies":{},"isDataRequest":false,"locals":{},"params":{},"request":{},"route":{"id":"/api/tools"},"url":"http://localhost:5173/api/tools"},"level":"\u001b[32minfo\u001b[39m","message":"handle"}
{"domain":"server","event":{"cookies":{},"isDataRequest":false,"locals":{},"params":{},"request":{},"route":{"id":"/"},"url":"http://localhost:5173/"},"level":"\u001b[32minfo\u001b[39m","message":"handle"}
{"domain":"server","event":{"cookies":{},"isDataRequest":false,"locals":{},"params":{},"request":{},"route":{"id":"/"},"url":"http://localhost:5173/"},"level":"\u001b[32minfo\u001b[39m","message":"handle"}
{"domain":"server","event":{"cookies":{},"isDataRequest":false,"locals":{},"params":{},"request":{},"route":{"id":"/api/tools"},"url":"http://localhost:5173/api/tools"},"level":"\u001b[32minfo\u001b[39m","message":"handle"}
{"domain":"server","event":{"cookies":{},"isDataRequest":false,"locals":{},"params":{"tool_id":"app-header"},"request":{},"route":{"id":"/api/tools/[tool_id]/canvas.js"},"url":"http://localhost:5173/api/tools/app-header/canvas.js"},"level":"\u001b[32minfo\u001b[39m","message":"handle"}
{"domain":"server","event":{"cookies":{},"isDataRequest":false,"locals":{},"params":{"tool_id":"chrome"},"request":{},"route":{"id":"/api/tools/[tool_id]/canvas.js"},"url":"http://localhost:5173/api/tools/chrome/canvas.js"},"level":"\u001b[32minfo\u001b[39m","message":"handle"}
{"domain":"server","event":{"cookies":{},"isDataRequest":false,"locals":{},"params":{"tool_id":"lang-switch"},"request":{},"route":{"id":"/api/tools/[tool_id]/canvas.js"},"url":"http://localhost:5173/api/tools/lang-switch/canvas.js"},"level":"\u001b[32minfo\u001b[39m","message":"handle"}
{"domain":"server","event":{"cookies":{},"isDataRequest":false,"locals":{},"params":{"tool_id":"loc-assoc"},"request":{},"route":{"id":"/api/tools/[tool_id]/canvas.js"},"url":"http://localhost:5173/api/tools/loc-assoc/canvas.js"},"level":"\u001b[32minfo\u001b[39m","message":"handle"}
{"canvasName":"myCanvasName","domain":"server.tools.canvas","level":"\u001b[32minfo\u001b[39m","message":"GET","params":{"tool_id":"app-header"},"requiringFilePath":"@kit-tools/app-header/canvas.js","toolName":"myToolName"}
{"canvasName":"myCanvasName","domain":"server.tools.canvas","level":"\u001b[32minfo\u001b[39m","message":"GET","params":{"tool_id":"chrome"},"requiringFilePath":"@kit-tools/chrome/canvas.js","toolName":"myToolName"}
{"canvasName":"myCanvasName","domain":"server.tools.canvas","level":"\u001b[32minfo\u001b[39m","message":"GET","params":{"tool_id":"lang-switch"},"requiringFilePath":"@kit-tools/lang-switch/canvas.js","toolName":"myToolName"}
{"canvasName":"myCanvasName","domain":"server.tools.canvas","level":"\u001b[32minfo\u001b[39m","message":"GET","params":{"tool_id":"loc-assoc"},"requiringFilePath":"@kit-tools/loc-assoc/canvas.js","toolName":"myToolName"}
{"domain":"server","event":{"cookies":{},"isDataRequest":false,"locals":{},"params":{"filename":"appHeader_atlas_1.png","tool_id":"app-header"},"request":{},"route":{"id":"/api/tools/[tool_id]/canvas-assets/images/[filename]"},"url":"http://localhost:5173/api/tools/app-header/canvas-assets/images/appHeader_atlas_1.png?1673731028197"},"level":"\u001b[32minfo\u001b[39m","message":"handle"}
{"domain":"server","event":{"cookies":{},"isDataRequest":false,"locals":{},"params":{"filename":"langSwitch_atlas_1.png","tool_id":"lang-switch"},"request":{},"route":{"id":"/api/tools/[tool_id]/canvas-assets/images/[filename]"},"url":"http://localhost:5173/api/tools/lang-switch/canvas-assets/images/langSwitch_atlas_1.png?1673559429922"},"level":"\u001b[32minfo\u001b[39m","message":"handle"}
{"domain":"server","event":{"cookies":{},"isDataRequest":false,"locals":{},"params":{"filename":"chrome_atlas_1.png","tool_id":"chrome"},"request":{},"route":{"id":"/api/tools/[tool_id]/canvas-assets/images/[filename]"},"url":"http://localhost:5173/api/tools/chrome/canvas-assets/images/chrome_atlas_1.png?1673724618251"},"level":"\u001b[32minfo\u001b[39m","message":"handle"}
{"canvasName":"myCanvasName","domain":"server.tools.canvas.images","imageName":"myImageName","level":"\u001b[32minfo\u001b[39m","message":"GET","params":{"filename":"appHeader_atlas_1.png","tool_id":"app-header"},"requiringFilePath":"@kit-tools/app-header/canvas-assets/images/appHeader_atlas_1.png","toolName":"myToolName"}
{"canvasName":"myCanvasName","domain":"server.tools.canvas.images","imageName":"myImageName","level":"\u001b[32minfo\u001b[39m","message":"GET","params":{"filename":"langSwitch_atlas_1.png","tool_id":"lang-switch"},"requiringFilePath":"@kit-tools/lang-switch/canvas-assets/images/langSwitch_atlas_1.png","toolName":"myToolName"}
{"canvasName":"myCanvasName","domain":"server.tools.canvas.images","imageName":"myImageName","level":"\u001b[32minfo\u001b[39m","message":"GET","params":{"filename":"chrome_atlas_1.png","tool_id":"chrome"},"requiringFilePath":"@kit-tools/chrome/canvas-assets/images/chrome_atlas_1.png","toolName":"myToolName"}
{"domain":"server","event":{"cookies":{},"isDataRequest":false,"locals":{},"params":{},"request":{},"route":{"id":"/api/tools"},"url":"http://localhost:5173/api/tools"},"level":"\u001b[32minfo\u001b[39m","message":"handle"}
{"domain":"server","event":{"cookies":{},"isDataRequest":false,"locals":{},"params":{},"request":{},"route":{"id":"/"},"url":"http://localhost:5173/"},"level":"\u001b[32minfo\u001b[39m","message":"handle"}
{"domain":"server","event":{"cookies":{},"isDataRequest":false,"locals":{},"params":{},"request":{},"route":{"id":"/api/tools"},"url":"http://localhost:5173/api/tools"},"level":"\u001b[32minfo\u001b[39m","message":"handle"}
{"domain":"server","event":{"cookies":{},"isDataRequest":false,"locals":{},"params":{},"request":{},"route":{"id":"/api/tools"},"url":"http://localhost:5173/api/tools"},"level":"\u001b[32minfo\u001b[39m","message":"handle"}
{"domain":"server","event":{"cookies":{},"isDataRequest":false,"locals":{},"params":{"tool_id":"loc-assoc"},"request":{},"route":{"id":"/api/tools/[tool_id]/canvas.js"},"url":"http://localhost:5173/api/tools/loc-assoc/canvas.js"},"level":"\u001b[32minfo\u001b[39m","message":"handle"}
{"domain":"server","event":{"cookies":{},"isDataRequest":false,"locals":{},"params":{"tool_id":"chrome"},"request":{},"route":{"id":"/api/tools/[tool_id]/canvas.js"},"url":"http://localhost:5173/api/tools/chrome/canvas.js"},"level":"\u001b[32minfo\u001b[39m","message":"handle"}
{"domain":"server","event":{"cookies":{},"isDataRequest":false,"locals":{},"params":{"tool_id":"app-header"},"request":{},"route":{"id":"/api/tools/[tool_id]/canvas.js"},"url":"http://localhost:5173/api/tools/app-header/canvas.js"},"level":"\u001b[32minfo\u001b[39m","message":"handle"}
{"canvasName":"myCanvasName","domain":"server.tools.canvas","level":"\u001b[32minfo\u001b[39m","message":"GET","params":{"tool_id":"loc-assoc"},"requiringFilePath":"@kit-tools/loc-assoc/canvas.js","toolName":"myToolName"}
{"canvasName":"myCanvasName","domain":"server.tools.canvas","level":"\u001b[32minfo\u001b[39m","message":"GET","params":{"tool_id":"chrome"},"requiringFilePath":"@kit-tools/chrome/canvas.js","toolName":"myToolName"}
{"canvasName":"myCanvasName","domain":"server.tools.canvas","level":"\u001b[32minfo\u001b[39m","message":"GET","params":{"tool_id":"app-header"},"requiringFilePath":"@kit-tools/app-header/canvas.js","toolName":"myToolName"}
{"domain":"server","event":{"cookies":{},"isDataRequest":false,"locals":{},"params":{"tool_id":"lang-switch"},"request":{},"route":{"id":"/api/tools/[tool_id]/canvas.js"},"url":"http://localhost:5173/api/tools/lang-switch/canvas.js"},"level":"\u001b[32minfo\u001b[39m","message":"handle"}
{"canvasName":"myCanvasName","domain":"server.tools.canvas","level":"\u001b[32minfo\u001b[39m","message":"GET","params":{"tool_id":"lang-switch"},"requiringFilePath":"@kit-tools/lang-switch/canvas.js","toolName":"myToolName"}
{"domain":"server","event":{"cookies":{},"isDataRequest":false,"locals":{},"params":{"filename":"chrome_atlas_1.png","tool_id":"chrome"},"request":{},"route":{"id":"/api/tools/[tool_id]/canvas-assets/images/[filename]"},"url":"http://localhost:5173/api/tools/chrome/canvas-assets/images/chrome_atlas_1.png?1673724618251"},"level":"\u001b[32minfo\u001b[39m","message":"handle"}
{"domain":"server","event":{"cookies":{},"isDataRequest":false,"locals":{},"params":{"filename":"appHeader_atlas_1.png","tool_id":"app-header"},"request":{},"route":{"id":"/api/tools/[tool_id]/canvas-assets/images/[filename]"},"url":"http://localhost:5173/api/tools/app-header/canvas-assets/images/appHeader_atlas_1.png?1673731028197"},"level":"\u001b[32minfo\u001b[39m","message":"handle"}
{"domain":"server","event":{"cookies":{},"isDataRequest":false,"locals":{},"params":{"filename":"langSwitch_atlas_1.png","tool_id":"lang-switch"},"request":{},"route":{"id":"/api/tools/[tool_id]/canvas-assets/images/[filename]"},"url":"http://localhost:5173/api/tools/lang-switch/canvas-assets/images/langSwitch_atlas_1.png?1673559429922"},"level":"\u001b[32minfo\u001b[39m","message":"handle"}
{"canvasName":"myCanvasName","domain":"server.tools.canvas.images","imageName":"myImageName","level":"\u001b[32minfo\u001b[39m","message":"GET","params":{"filename":"chrome_atlas_1.png","tool_id":"chrome"},"requiringFilePath":"@kit-tools/chrome/canvas-assets/images/chrome_atlas_1.png","toolName":"myToolName"}
{"canvasName":"myCanvasName","domain":"server.tools.canvas.images","imageName":"myImageName","level":"\u001b[32minfo\u001b[39m","message":"GET","params":{"filename":"appHeader_atlas_1.png","tool_id":"app-header"},"requiringFilePath":"@kit-tools/app-header/canvas-assets/images/appHeader_atlas_1.png","toolName":"myToolName"}
{"canvasName":"myCanvasName","domain":"server.tools.canvas.images","imageName":"myImageName","level":"\u001b[32minfo\u001b[39m","message":"GET","params":{"filename":"langSwitch_atlas_1.png","tool_id":"lang-switch"},"requiringFilePath":"@kit-tools/lang-switch/canvas-assets/images/langSwitch_atlas_1.png","toolName":"myToolName"}
{"domain":"server","event":{"cookies":{},"isDataRequest":false,"locals":{},"params":{"filename":"chrome_atlas_2.png","tool_id":"chrome"},"request":{},"route":{"id":"/api/tools/[tool_id]/canvas-assets/images/[filename]"},"url":"http://localhost:5173/api/tools/chrome/canvas-assets/images/chrome_atlas_2.png?1673724618252"},"level":"\u001b[32minfo\u001b[39m","message":"handle"}
{"canvasName":"myCanvasName","domain":"server.tools.canvas.images","imageName":"myImageName","level":"\u001b[32minfo\u001b[39m","message":"GET","params":{"filename":"chrome_atlas_2.png","tool_id":"chrome"},"requiringFilePath":"@kit-tools/chrome/canvas-assets/images/chrome_atlas_2.png","toolName":"myToolName"}
{"canvasName":"myCanvasName","domain":"server.tools.canvas","level":"\u001b[32minfo\u001b[39m","message":"GET","params":{"tool_id":"app-header"},"requiringFilePath":"@kit-tools/app-header/canvas.js","toolName":"myToolName"}
{"canvasName":"myCanvasName","domain":"server.tools.canvas","level":"\u001b[32minfo\u001b[39m","message":"GET","params":{"tool_id":"chrome"},"requiringFilePath":"@kit-tools/chrome/canvas.js","toolName":"myToolName"}
{"canvasName":"myCanvasName","domain":"server.tools.canvas","level":"\u001b[32minfo\u001b[39m","message":"GET","params":{"tool_id":"lang-switch"},"requiringFilePath":"@kit-tools/lang-switch/canvas.js","toolName":"myToolName"}
{"canvasName":"myCanvasName","domain":"server.tools.canvas.images","imageName":"myImageName","level":"\u001b[32minfo\u001b[39m","message":"GET","params":{"filename":"appHeader_atlas_1.png","tool_id":"app-header"},"requiringFilePath":"@kit-tools/app-header/canvas-assets/images/appHeader_atlas_1.png","toolName":"myToolName"}
{"canvasName":"myCanvasName","domain":"server.tools.canvas","level":"\u001b[32minfo\u001b[39m","message":"GET","params":{"tool_id":"loc-assoc"},"requiringFilePath":"@kit-tools/loc-assoc/canvas.js","toolName":"myToolName"}
{"canvasName":"myCanvasName","domain":"server.tools.canvas.images","imageName":"myImageName","level":"\u001b[32minfo\u001b[39m","message":"GET","params":{"filename":"chrome_atlas_1.png","tool_id":"chrome"},"requiringFilePath":"@kit-tools/chrome/canvas-assets/images/chrome_atlas_1.png","toolName":"myToolName"}
{"canvasName":"myCanvasName","domain":"server.tools.canvas.images","imageName":"myImageName","level":"\u001b[32minfo\u001b[39m","message":"GET","params":{"filename":"langSwitch_atlas_1.png","tool_id":"lang-switch"},"requiringFilePath":"@kit-tools/lang-switch/canvas-assets/images/langSwitch_atlas_1.png","toolName":"myToolName"}
{"canvasName":"myCanvasName","domain":"server.tools.canvas.images","imageName":"myImageName","level":"\u001b[32minfo\u001b[39m","message":"GET","params":{"filename":"chrome_atlas_2.png","tool_id":"chrome"},"requiringFilePath":"@kit-tools/chrome/canvas-assets/images/chrome_atlas_2.png","toolName":"myToolName"}
{"canvasName":"myCanvasName","domain":"server.tools.canvas","level":"\u001b[32minfo\u001b[39m","message":"GET","params":{"tool_id":"app-header"},"requiringFilePath":"@kit-tools/app-header/canvas.js","toolName":"myToolName"}
{"canvasName":"myCanvasName","domain":"server.tools.canvas","level":"\u001b[32minfo\u001b[39m","message":"GET","params":{"tool_id":"chrome"},"requiringFilePath":"@kit-tools/chrome/canvas.js","toolName":"myToolName"}
{"canvasName":"myCanvasName","domain":"server.tools.canvas","level":"\u001b[32minfo\u001b[39m","message":"GET","params":{"tool_id":"lang-switch"},"requiringFilePath":"@kit-tools/lang-switch/canvas.js","toolName":"myToolName"}
{"canvasName":"myCanvasName","domain":"server.tools.canvas","level":"\u001b[32minfo\u001b[39m","message":"GET","params":{"tool_id":"loc-assoc"},"requiringFilePath":"@kit-tools/loc-assoc/canvas.js","toolName":"myToolName"}
{"canvasName":"myCanvasName","domain":"server.tools.canvas.images","imageName":"myImageName","level":"\u001b[32minfo\u001b[39m","message":"GET","params":{"filename":"chrome_atlas_1.png","tool_id":"chrome"},"requiringFilePath":"@kit-tools/chrome/canvas-assets/images/chrome_atlas_1.png","toolName":"myToolName"}
{"canvasName":"myCanvasName","domain":"server.tools.canvas.images","imageName":"myImageName","level":"\u001b[32minfo\u001b[39m","message":"GET","params":{"filename":"appHeader_atlas_1.png","tool_id":"app-header"},"requiringFilePath":"@kit-tools/app-header/canvas-assets/images/appHeader_atlas_1.png","toolName":"myToolName"}
{"canvasName":"myCanvasName","domain":"server.tools.canvas.images","imageName":"myImageName","level":"\u001b[32minfo\u001b[39m","message":"GET","params":{"filename":"langSwitch_atlas_1.png","tool_id":"lang-switch"},"requiringFilePath":"@kit-tools/lang-switch/canvas-assets/images/langSwitch_atlas_1.png","toolName":"myToolName"}
{"canvasName":"myCanvasName","domain":"server.tools.canvas.images","imageName":"myImageName","level":"\u001b[32minfo\u001b[39m","message":"GET","params":{"filename":"chrome_atlas_2.png","tool_id":"chrome"},"requiringFilePath":"@kit-tools/chrome/canvas-assets/images/chrome_atlas_2.png","toolName":"myToolName"}
{"canvasName":"myCanvasName","domain":"server.tools.canvas","level":"\u001b[32minfo\u001b[39m","message":"GET","params":{"tool_id":"app-header"},"requiringFilePath":"@kit-tools/app-header/canvas.js","toolName":"myToolName"}
{"canvasName":"myCanvasName","domain":"server.tools.canvas","level":"\u001b[32minfo\u001b[39m","message":"GET","params":{"tool_id":"chrome"},"requiringFilePath":"@kit-tools/chrome/canvas.js","toolName":"myToolName"}
{"canvasName":"myCanvasName","domain":"server.tools.canvas","level":"\u001b[32minfo\u001b[39m","message":"GET","params":{"tool_id":"lang-switch"},"requiringFilePath":"@kit-tools/lang-switch/canvas.js","toolName":"myToolName"}
{"canvasName":"myCanvasName","domain":"server.tools.canvas","level":"\u001b[32minfo\u001b[39m","message":"GET","params":{"tool_id":"loc-assoc"},"requiringFilePath":"@kit-tools/loc-assoc/canvas.js","toolName":"myToolName"}
{"canvasName":"myCanvasName","domain":"server.tools.canvas.images","imageName":"myImageName","level":"\u001b[32minfo\u001b[39m","message":"GET","params":{"filename":"appHeader_atlas_1.png","tool_id":"app-header"},"requiringFilePath":"@kit-tools/app-header/canvas-assets/images/appHeader_atlas_1.png","toolName":"myToolName"}
{"canvasName":"myCanvasName","domain":"server.tools.canvas.images","imageName":"myImageName","level":"\u001b[32minfo\u001b[39m","message":"GET","params":{"filename":"chrome_atlas_1.png","tool_id":"chrome"},"requiringFilePath":"@kit-tools/chrome/canvas-assets/images/chrome_atlas_1.png","toolName":"myToolName"}
{"canvasName":"myCanvasName","domain":"server.tools.canvas.images","imageName":"myImageName","level":"\u001b[32minfo\u001b[39m","message":"GET","params":{"filename":"langSwitch_atlas_1.png","tool_id":"lang-switch"},"requiringFilePath":"@kit-tools/lang-switch/canvas-assets/images/langSwitch_atlas_1.png","toolName":"myToolName"}
{"canvasName":"myCanvasName","domain":"server.tools.canvas.images","imageName":"myImageName","level":"\u001b[32minfo\u001b[39m","message":"GET","params":{"filename":"chrome_atlas_2.png","tool_id":"chrome"},"requiringFilePath":"@kit-tools/chrome/canvas-assets/images/chrome_atlas_2.png","toolName":"myToolName"}
{"canvasName":"myCanvasName","domain":"server.tools.canvas","level":"\u001b[32minfo\u001b[39m","message":"GET","params":{"tool_id":"app-header"},"requiringFilePath":"@kit-tools/app-header/canvas.js","toolName":"myToolName"}
{"canvasName":"myCanvasName","domain":"server.tools.canvas","level":"\u001b[32minfo\u001b[39m","message":"GET","params":{"tool_id":"chrome"},"requiringFilePath":"@kit-tools/chrome/canvas.js","toolName":"myToolName"}
{"canvasName":"myCanvasName","domain":"server.tools.canvas","level":"\u001b[32minfo\u001b[39m","message":"GET","params":{"tool_id":"lang-switch"},"requiringFilePath":"@kit-tools/lang-switch/canvas.js","toolName":"myToolName"}
{"canvasName":"myCanvasName","domain":"server.tools.canvas","level":"\u001b[32minfo\u001b[39m","message":"GET","params":{"tool_id":"loc-assoc"},"requiringFilePath":"@kit-tools/loc-assoc/canvas.js","toolName":"myToolName"}
{"canvasName":"myCanvasName","domain":"server.tools.canvas.images","imageName":"myImageName","level":"\u001b[32minfo\u001b[39m","message":"GET","params":{"filename":"appHeader_atlas_1.png","tool_id":"app-header"},"requiringFilePath":"@kit-tools/app-header/canvas-assets/images/appHeader_atlas_1.png","toolName":"myToolName"}
{"canvasName":"myCanvasName","domain":"server.tools.canvas.images","imageName":"myImageName","level":"\u001b[32minfo\u001b[39m","message":"GET","params":{"filename":"langSwitch_atlas_1.png","tool_id":"lang-switch"},"requiringFilePath":"@kit-tools/lang-switch/canvas-assets/images/langSwitch_atlas_1.png","toolName":"myToolName"}
{"canvasName":"myCanvasName","domain":"server.tools.canvas.images","imageName":"myImageName","level":"\u001b[32minfo\u001b[39m","message":"GET","params":{"filename":"chrome_atlas_1.png","tool_id":"chrome"},"requiringFilePath":"@kit-tools/chrome/canvas-assets/images/chrome_atlas_1.png","toolName":"myToolName"}
{"canvasName":"myCanvasName","domain":"server.tools.canvas.images","imageName":"myImageName","level":"\u001b[32minfo\u001b[39m","message":"GET","params":{"filename":"chrome_atlas_2.png","tool_id":"chrome"},"requiringFilePath":"@kit-tools/chrome/canvas-assets/images/chrome_atlas_2.png","toolName":"myToolName"}
{"canvasName":"myCanvasName","domain":"server.tools.canvas","level":"\u001b[32minfo\u001b[39m","message":"GET","params":{"tool_id":"app-header"},"requiringFilePath":"@kit-tools/app-header/canvas.js","toolName":"myToolName"}
{"canvasName":"myCanvasName","domain":"server.tools.canvas","level":"\u001b[32minfo\u001b[39m","message":"GET","params":{"tool_id":"chrome"},"requiringFilePath":"@kit-tools/chrome/canvas.js","toolName":"myToolName"}
{"canvasName":"myCanvasName","domain":"server.tools.canvas","level":"\u001b[32minfo\u001b[39m","message":"GET","params":{"tool_id":"lang-switch"},"requiringFilePath":"@kit-tools/lang-switch/canvas.js","toolName":"myToolName"}
{"canvasName":"myCanvasName","domain":"server.tools.canvas","level":"\u001b[32minfo\u001b[39m","message":"GET","params":{"tool_id":"loc-assoc"},"requiringFilePath":"@kit-tools/loc-assoc/canvas.js","toolName":"myToolName"}
{"canvasName":"myCanvasName","domain":"server.tools.canvas.images","imageName":"myImageName","level":"\u001b[32minfo\u001b[39m","message":"GET","params":{"filename":"appHeader_atlas_1.png","tool_id":"app-header"},"requiringFilePath":"@kit-tools/app-header/canvas-assets/images/appHeader_atlas_1.png","toolName":"myToolName"}
{"canvasName":"myCanvasName","domain":"server.tools.canvas.images","imageName":"myImageName","level":"\u001b[32minfo\u001b[39m","message":"GET","params":{"filename":"chrome_atlas_1.png","tool_id":"chrome"},"requiringFilePath":"@kit-tools/chrome/canvas-assets/images/chrome_atlas_1.png","toolName":"myToolName"}
{"canvasName":"myCanvasName","domain":"server.tools.canvas.images","imageName":"myImageName","level":"\u001b[32minfo\u001b[39m","message":"GET","params":{"filename":"langSwitch_atlas_1.png","tool_id":"lang-switch"},"requiringFilePath":"@kit-tools/lang-switch/canvas-assets/images/langSwitch_atlas_1.png","toolName":"myToolName"}
{"canvasName":"myCanvasName","domain":"server.tools.canvas.images","imageName":"myImageName","level":"\u001b[32minfo\u001b[39m","message":"GET","params":{"filename":"chrome_atlas_2.png","tool_id":"chrome"},"requiringFilePath":"@kit-tools/chrome/canvas-assets/images/chrome_atlas_2.png","toolName":"myToolName"}
{"canvasName":"myCanvasName","domain":"server.tools.canvas","level":"\u001b[32minfo\u001b[39m","message":"GET","params":{"tool_id":"app-header"},"requiringFilePath":"@kit-tools/app-header/canvas.js","toolName":"myToolName"}
{"canvasName":"myCanvasName","domain":"server.tools.canvas","level":"\u001b[32minfo\u001b[39m","message":"GET","params":{"tool_id":"chrome"},"requiringFilePath":"@kit-tools/chrome/canvas.js","toolName":"myToolName"}
{"canvasName":"myCanvasName","domain":"server.tools.canvas","level":"\u001b[32minfo\u001b[39m","message":"GET","params":{"tool_id":"lang-switch"},"requiringFilePath":"@kit-tools/lang-switch/canvas.js","toolName":"myToolName"}
{"canvasName":"myCanvasName","domain":"server.tools.canvas","level":"\u001b[32minfo\u001b[39m","message":"GET","params":{"tool_id":"loc-assoc"},"requiringFilePath":"@kit-tools/loc-assoc/canvas.js","toolName":"myToolName"}
{"canvasName":"myCanvasName","domain":"server.tools.canvas.images","imageName":"myImageName","level":"\u001b[32minfo\u001b[39m","message":"GET","params":{"filename":"appHeader_atlas_1.png","tool_id":"app-header"},"requiringFilePath":"@kit-tools/app-header/canvas-assets/images/appHeader_atlas_1.png","toolName":"myToolName"}
{"canvasName":"myCanvasName","domain":"server.tools.canvas.images","imageName":"myImageName","level":"\u001b[32minfo\u001b[39m","message":"GET","params":{"filename":"chrome_atlas_1.png","tool_id":"chrome"},"requiringFilePath":"@kit-tools/chrome/canvas-assets/images/chrome_atlas_1.png","toolName":"myToolName"}
{"canvasName":"myCanvasName","domain":"server.tools.canvas.images","imageName":"myImageName","level":"\u001b[32minfo\u001b[39m","message":"GET","params":{"filename":"langSwitch_atlas_1.png","tool_id":"lang-switch"},"requiringFilePath":"@kit-tools/lang-switch/canvas-assets/images/langSwitch_atlas_1.png","toolName":"myToolName"}
{"canvasName":"myCanvasName","domain":"server.tools.canvas.images","imageName":"myImageName","level":"\u001b[32minfo\u001b[39m","message":"GET","params":{"filename":"chrome_atlas_2.png","tool_id":"chrome"},"requiringFilePath":"@kit-tools/chrome/canvas-assets/images/chrome_atlas_2.png","toolName":"myToolName"}
{"canvasName":"myCanvasName","domain":"server.tools.canvas","level":"\u001b[32minfo\u001b[39m","message":"GET","params":{"tool_id":"app-header"},"requiringFilePath":"@kit-tools/app-header/canvas.js","toolName":"myToolName"}
{"canvasName":"myCanvasName","domain":"server.tools.canvas","level":"\u001b[32minfo\u001b[39m","message":"GET","params":{"tool_id":"chrome"},"requiringFilePath":"@kit-tools/chrome/canvas.js","toolName":"myToolName"}
{"canvasName":"myCanvasName","domain":"server.tools.canvas","level":"\u001b[32minfo\u001b[39m","message":"GET","params":{"tool_id":"lang-switch"},"requiringFilePath":"@kit-tools/lang-switch/canvas.js","toolName":"myToolName"}
{"canvasName":"myCanvasName","domain":"server.tools.canvas","level":"\u001b[32minfo\u001b[39m","message":"GET","params":{"tool_id":"loc-assoc"},"requiringFilePath":"@kit-tools/loc-assoc/canvas.js","toolName":"myToolName"}
{"canvasName":"myCanvasName","domain":"server.tools.canvas.images","imageName":"myImageName","level":"\u001b[32minfo\u001b[39m","message":"GET","params":{"filename":"chrome_atlas_1.png","tool_id":"chrome"},"requiringFilePath":"@kit-tools/chrome/canvas-assets/images/chrome_atlas_1.png","toolName":"myToolName"}
{"canvasName":"myCanvasName","domain":"server.tools.canvas.images","imageName":"myImageName","level":"\u001b[32minfo\u001b[39m","message":"GET","params":{"filename":"appHeader_atlas_1.png","tool_id":"app-header"},"requiringFilePath":"@kit-tools/app-header/canvas-assets/images/appHeader_atlas_1.png","toolName":"myToolName"}
{"canvasName":"myCanvasName","domain":"server.tools.canvas.images","imageName":"myImageName","level":"\u001b[32minfo\u001b[39m","message":"GET","params":{"filename":"langSwitch_atlas_1.png","tool_id":"lang-switch"},"requiringFilePath":"@kit-tools/lang-switch/canvas-assets/images/langSwitch_atlas_1.png","toolName":"myToolName"}
{"canvasName":"myCanvasName","domain":"server.tools.canvas.images","imageName":"myImageName","level":"\u001b[32minfo\u001b[39m","message":"GET","params":{"filename":"chrome_atlas_2.png","tool_id":"chrome"},"requiringFilePath":"@kit-tools/chrome/canvas-assets/images/chrome_atlas_2.png","toolName":"myToolName"}
{"canvasName":"myCanvasName","domain":"server.tools.canvas","level":"\u001b[32minfo\u001b[39m","message":"GET","params":{"tool_id":"app-header"},"requiringFilePath":"@kit-tools/app-header/canvas.js","toolName":"myToolName"}
{"canvasName":"myCanvasName","domain":"server.tools.canvas","level":"\u001b[32minfo\u001b[39m","message":"GET","params":{"tool_id":"chrome"},"requiringFilePath":"@kit-tools/chrome/canvas.js","toolName":"myToolName"}
{"canvasName":"myCanvasName","domain":"server.tools.canvas","level":"\u001b[32minfo\u001b[39m","message":"GET","params":{"tool_id":"lang-switch"},"requiringFilePath":"@kit-tools/lang-switch/canvas.js","toolName":"myToolName"}
{"canvasName":"myCanvasName","domain":"server.tools.canvas","level":"\u001b[32minfo\u001b[39m","message":"GET","params":{"tool_id":"loc-assoc"},"requiringFilePath":"@kit-tools/loc-assoc/canvas.js","toolName":"myToolName"}
{"canvasName":"myCanvasName","domain":"server.tools.canvas.images","imageName":"myImageName","level":"\u001b[32minfo\u001b[39m","message":"GET","params":{"filename":"langSwitch_atlas_1.png","tool_id":"lang-switch"},"requiringFilePath":"@kit-tools/lang-switch/canvas-assets/images/langSwitch_atlas_1.png","toolName":"myToolName"}
{"canvasName":"myCanvasName","domain":"server.tools.canvas.images","imageName":"myImageName","level":"\u001b[32minfo\u001b[39m","message":"GET","params":{"filename":"chrome_atlas_1.png","tool_id":"chrome"},"requiringFilePath":"@kit-tools/chrome/canvas-assets/images/chrome_atlas_1.png","toolName":"myToolName"}
{"canvasName":"myCanvasName","domain":"server.tools.canvas.images","imageName":"myImageName","level":"\u001b[32minfo\u001b[39m","message":"GET","params":{"filename":"appHeader_atlas_1.png","tool_id":"app-header"},"requiringFilePath":"@kit-tools/app-header/canvas-assets/images/appHeader_atlas_1.png","toolName":"myToolName"}
{"canvasName":"myCanvasName","domain":"server.tools.canvas.images","imageName":"myImageName","level":"\u001b[32minfo\u001b[39m","message":"GET","params":{"filename":"chrome_atlas_2.png","tool_id":"chrome"},"requiringFilePath":"@kit-tools/chrome/canvas-assets/images/chrome_atlas_2.png","toolName":"myToolName"}
undefined
undefined
undefined
undefined
undefined
undefined
undefined
info: GET {"canvasName":"myCanvasName","domain":"server.tools.canvas","params":{"tool_id":"lang-switch"},"requiringFilePath":"@kit-tools/lang-switch/canvas.js","toolName":"myToolName"}
info: GET {"canvasName":"myCanvasName","domain":"server.tools.canvas","params":{"tool_id":"app-header"},"requiringFilePath":"@kit-tools/app-header/canvas.js","toolName":"myToolName"}
info: GET {"canvasName":"myCanvasName","domain":"server.tools.canvas","params":{"tool_id":"loc-assoc"},"requiringFilePath":"@kit-tools/loc-assoc/canvas.js","toolName":"myToolName"}
info: GET {"canvasName":"myCanvasName","domain":"server.tools.canvas","params":{"tool_id":"chrome"},"requiringFilePath":"@kit-tools/chrome/canvas.js","toolName":"myToolName"}
info: GET {"canvasName":"myCanvasName","domain":"server.tools.canvas.images","imageName":"myImageName","params":{"filename":"langSwitch_atlas_1.png","tool_id":"lang-switch"},"requiringFilePath":"@kit-tools/lang-switch/canvas-assets/images/langSwitch_atlas_1.png","toolName":"myToolName"}
info: GET {"canvasName":"myCanvasName","domain":"server.tools.canvas.images","imageName":"myImageName","params":{"filename":"appHeader_atlas_1.png","tool_id":"app-header"},"requiringFilePath":"@kit-tools/app-header/canvas-assets/images/appHeader_atlas_1.png","toolName":"myToolName"}
info: GET {"canvasName":"myCanvasName","domain":"server.tools.canvas.images","imageName":"myImageName","params":{"filename":"chrome_atlas_1.png","tool_id":"chrome"},"requiringFilePath":"@kit-tools/chrome/canvas-assets/images/chrome_atlas_1.png","toolName":"myToolName"}
info: GET {"canvasName":"myCanvasName","domain":"server.tools.canvas.images","imageName":"myImageName","params":{"filename":"chrome_atlas_2.png","tool_id":"chrome"},"requiringFilePath":"@kit-tools/chrome/canvas-assets/images/chrome_atlas_2.png","toolName":"myToolName"}
{
  domain: 'server.tools.canvas',
  toolName: 'myToolName',
  canvasName: 'myCanvasName',
  params: { tool_id: 'app-header' },
  requiringFilePath: '@kit-tools/app-header/canvas.js',
  level: 'info',
  message: 'GET'
}
{
  domain: 'server.tools.canvas',
  toolName: 'myToolName',
  canvasName: 'myCanvasName',
  params: { tool_id: 'lang-switch' },
  requiringFilePath: '@kit-tools/lang-switch/canvas.js',
  level: 'info',
  message: 'GET'
}
{
  domain: 'server.tools.canvas',
  toolName: 'myToolName',
  canvasName: 'myCanvasName',
  params: { tool_id: 'chrome' },
  requiringFilePath: '@kit-tools/chrome/canvas.js',
  level: 'info',
  message: 'GET'
}
{
  domain: 'server.tools.canvas',
  toolName: 'myToolName',
  canvasName: 'myCanvasName',
  params: { tool_id: 'loc-assoc' },
  requiringFilePath: '@kit-tools/loc-assoc/canvas.js',
  level: 'info',
  message: 'GET'
}
{
  domain: 'server.tools.canvas.images',
  toolName: 'myToolName',
  canvasName: 'myCanvasName',
  imageName: 'myImageName',
  params: { tool_id: 'chrome', filename: 'chrome_atlas_1.png' },
  requiringFilePath: '@kit-tools/chrome/canvas-assets/images/chrome_atlas_1.png',
  level: 'info',
  message: 'GET'
}
{
  domain: 'server.tools.canvas.images',
  toolName: 'myToolName',
  canvasName: 'myCanvasName',
  imageName: 'myImageName',
  params: { tool_id: 'app-header', filename: 'appHeader_atlas_1.png' },
  requiringFilePath: '@kit-tools/app-header/canvas-assets/images/appHeader_atlas_1.png',
  level: 'info',
  message: 'GET'
}
{
  domain: 'server.tools.canvas.images',
  toolName: 'myToolName',
  canvasName: 'myCanvasName',
  imageName: 'myImageName',
  params: { tool_id: 'lang-switch', filename: 'langSwitch_atlas_1.png' },
  requiringFilePath: '@kit-tools/lang-switch/canvas-assets/images/langSwitch_atlas_1.png',
  level: 'info',
  message: 'GET'
}
{
  domain: 'server.tools.canvas.images',
  toolName: 'myToolName',
  canvasName: 'myCanvasName',
  imageName: 'myImageName',
  params: { tool_id: 'chrome', filename: 'chrome_atlas_2.png' },
  requiringFilePath: '@kit-tools/chrome/canvas-assets/images/chrome_atlas_2.png',
  level: 'info',
  message: 'GET'
}
{"canvasName":"myCanvasName","domain":"server.tools.canvas","level":"\u001b[32minfo\u001b[39m","message":"GET","params":{"tool_id":"chrome"},"requiringFilePath":"@kit-tools/chrome/canvas.js","toolName":"myToolName"}
{"canvasName":"myCanvasName","domain":"server.tools.canvas","level":"\u001b[32minfo\u001b[39m","message":"GET","params":{"tool_id":"app-header"},"requiringFilePath":"@kit-tools/app-header/canvas.js","toolName":"myToolName"}
{"canvasName":"myCanvasName","domain":"server.tools.canvas","level":"\u001b[32minfo\u001b[39m","message":"GET","params":{"tool_id":"loc-assoc"},"requiringFilePath":"@kit-tools/loc-assoc/canvas.js","toolName":"myToolName"}
{"canvasName":"myCanvasName","domain":"server.tools.canvas","level":"\u001b[32minfo\u001b[39m","message":"GET","params":{"tool_id":"lang-switch"},"requiringFilePath":"@kit-tools/lang-switch/canvas.js","toolName":"myToolName"}
{"canvasName":"myCanvasName","domain":"server.tools.canvas.images","imageName":"myImageName","level":"\u001b[32minfo\u001b[39m","message":"GET","params":{"filename":"appHeader_atlas_1.png","tool_id":"app-header"},"requiringFilePath":"@kit-tools/app-header/canvas-assets/images/appHeader_atlas_1.png","toolName":"myToolName"}
{"canvasName":"myCanvasName","domain":"server.tools.canvas.images","imageName":"myImageName","level":"\u001b[32minfo\u001b[39m","message":"GET","params":{"filename":"chrome_atlas_1.png","tool_id":"chrome"},"requiringFilePath":"@kit-tools/chrome/canvas-assets/images/chrome_atlas_1.png","toolName":"myToolName"}
{"canvasName":"myCanvasName","domain":"server.tools.canvas.images","imageName":"myImageName","level":"\u001b[32minfo\u001b[39m","message":"GET","params":{"filename":"langSwitch_atlas_1.png","tool_id":"lang-switch"},"requiringFilePath":"@kit-tools/lang-switch/canvas-assets/images/langSwitch_atlas_1.png","toolName":"myToolName"}
{"canvasName":"myCanvasName","domain":"server.tools.canvas.images","imageName":"myImageName","level":"\u001b[32minfo\u001b[39m","message":"GET","params":{"filename":"chrome_atlas_2.png","tool_id":"chrome"},"requiringFilePath":"@kit-tools/chrome/canvas-assets/images/chrome_atlas_2.png","toolName":"myToolName"}
{"canvasName":"myCanvasName","domain":"server.tools.canvas","level":"\u001b[32minfo\u001b[39m","message":"GET","params":{"tool_id":"app-header"},"requiringFilePath":"@kit-tools/app-header/canvas.js","toolName":"myToolName"}
{"canvasName":"myCanvasName","domain":"server.tools.canvas","level":"\u001b[32minfo\u001b[39m","message":"GET","params":{"tool_id":"chrome"},"requiringFilePath":"@kit-tools/chrome/canvas.js","toolName":"myToolName"}
{"canvasName":"myCanvasName","domain":"server.tools.canvas","level":"\u001b[32minfo\u001b[39m","message":"GET","params":{"tool_id":"lang-switch"},"requiringFilePath":"@kit-tools/lang-switch/canvas.js","toolName":"myToolName"}
{"canvasName":"myCanvasName","domain":"server.tools.canvas","level":"\u001b[32minfo\u001b[39m","message":"GET","params":{"tool_id":"loc-assoc"},"requiringFilePath":"@kit-tools/loc-assoc/canvas.js","toolName":"myToolName"}
{"canvasName":"myCanvasName","domain":"server.tools.canvas.images","imageName":"myImageName","level":"\u001b[32minfo\u001b[39m","message":"GET","params":{"filename":"chrome_atlas_1.png","tool_id":"chrome"},"requiringFilePath":"@kit-tools/chrome/canvas-assets/images/chrome_atlas_1.png","toolName":"myToolName"}
{"canvasName":"myCanvasName","domain":"server.tools.canvas.images","imageName":"myImageName","level":"\u001b[32minfo\u001b[39m","message":"GET","params":{"filename":"appHeader_atlas_1.png","tool_id":"app-header"},"requiringFilePath":"@kit-tools/app-header/canvas-assets/images/appHeader_atlas_1.png","toolName":"myToolName"}
{"canvasName":"myCanvasName","domain":"server.tools.canvas.images","imageName":"myImageName","level":"\u001b[32minfo\u001b[39m","message":"GET","params":{"filename":"langSwitch_atlas_1.png","tool_id":"lang-switch"},"requiringFilePath":"@kit-tools/lang-switch/canvas-assets/images/langSwitch_atlas_1.png","toolName":"myToolName"}
{"canvasName":"myCanvasName","domain":"server.tools.canvas.images","imageName":"myImageName","level":"\u001b[32minfo\u001b[39m","message":"GET","params":{"filename":"chrome_atlas_2.png","tool_id":"chrome"},"requiringFilePath":"@kit-tools/chrome/canvas-assets/images/chrome_atlas_2.png","toolName":"myToolName"}
{"canvasName":"myCanvasName","domain":"server.tools.canvas","level":"\u001b[32minfo\u001b[39m","message":"GET","params":{"tool_id":"lang-switch"},"requiringFilePath":"@kit-tools/lang-switch/canvas.js","toolName":"myToolName"}
{"canvasName":"myCanvasName","domain":"server.tools.canvas","level":"\u001b[32minfo\u001b[39m","message":"GET","params":{"tool_id":"loc-assoc"},"requiringFilePath":"@kit-tools/loc-assoc/canvas.js","toolName":"myToolName"}
{"canvasName":"myCanvasName","domain":"server.tools.canvas","level":"\u001b[32minfo\u001b[39m","message":"GET","params":{"tool_id":"app-header"},"requiringFilePath":"@kit-tools/app-header/canvas.js","toolName":"myToolName"}
{"canvasName":"myCanvasName","domain":"server.tools.canvas","level":"\u001b[32minfo\u001b[39m","message":"GET","params":{"tool_id":"chrome"},"requiringFilePath":"@kit-tools/chrome/canvas.js","toolName":"myToolName"}
{"canvasName":"myCanvasName","domain":"server.tools.canvas.images","imageName":"myImageName","level":"\u001b[32minfo\u001b[39m","message":"GET","params":{"filename":"langSwitch_atlas_1.png","tool_id":"lang-switch"},"requiringFilePath":"@kit-tools/lang-switch/canvas-assets/images/langSwitch_atlas_1.png","toolName":"myToolName"}
{"canvasName":"myCanvasName","domain":"server.tools.canvas.images","imageName":"myImageName","level":"\u001b[32minfo\u001b[39m","message":"GET","params":{"filename":"chrome_atlas_1.png","tool_id":"chrome"},"requiringFilePath":"@kit-tools/chrome/canvas-assets/images/chrome_atlas_1.png","toolName":"myToolName"}
{"canvasName":"myCanvasName","domain":"server.tools.canvas.images","imageName":"myImageName","level":"\u001b[32minfo\u001b[39m","message":"GET","params":{"filename":"appHeader_atlas_1.png","tool_id":"app-header"},"requiringFilePath":"@kit-tools/app-header/canvas-assets/images/appHeader_atlas_1.png","toolName":"myToolName"}
{"canvasName":"myCanvasName","domain":"server.tools.canvas.images","imageName":"myImageName","level":"\u001b[32minfo\u001b[39m","message":"GET","params":{"filename":"chrome_atlas_2.png","tool_id":"chrome"},"requiringFilePath":"@kit-tools/chrome/canvas-assets/images/chrome_atlas_2.png","toolName":"myToolName"}
{"canvasName":"myCanvasName","domain":"server.tools.canvas","level":"\u001b[32minfo\u001b[39m","message":"GET","params":{"tool_id":"app-header"},"requiringFilePath":"@kit-tools/app-header/canvas.js","toolName":"myToolName"}
{"canvasName":"myCanvasName","domain":"server.tools.canvas","level":"\u001b[32minfo\u001b[39m","message":"GET","params":{"tool_id":"chrome"},"requiringFilePath":"@kit-tools/chrome/canvas.js","toolName":"myToolName"}
{"canvasName":"myCanvasName","domain":"server.tools.canvas","level":"\u001b[32minfo\u001b[39m","message":"GET","params":{"tool_id":"lang-switch"},"requiringFilePath":"@kit-tools/lang-switch/canvas.js","toolName":"myToolName"}
{"canvasName":"myCanvasName","domain":"server.tools.canvas","level":"\u001b[32minfo\u001b[39m","message":"GET","params":{"tool_id":"loc-assoc"},"requiringFilePath":"@kit-tools/loc-assoc/canvas.js","toolName":"myToolName"}
{"canvasName":"myCanvasName","domain":"server.tools.canvas.images","imageName":"myImageName","level":"\u001b[32minfo\u001b[39m","message":"GET","params":{"filename":"appHeader_atlas_1.png","tool_id":"app-header"},"requiringFilePath":"@kit-tools/app-header/canvas-assets/images/appHeader_atlas_1.png","toolName":"myToolName"}
{"canvasName":"myCanvasName","domain":"server.tools.canvas.images","imageName":"myImageName","level":"\u001b[32minfo\u001b[39m","message":"GET","params":{"filename":"chrome_atlas_1.png","tool_id":"chrome"},"requiringFilePath":"@kit-tools/chrome/canvas-assets/images/chrome_atlas_1.png","toolName":"myToolName"}
{"canvasName":"myCanvasName","domain":"server.tools.canvas.images","imageName":"myImageName","level":"\u001b[32minfo\u001b[39m","message":"GET","params":{"filename":"langSwitch_atlas_1.png","tool_id":"lang-switch"},"requiringFilePath":"@kit-tools/lang-switch/canvas-assets/images/langSwitch_atlas_1.png","toolName":"myToolName"}
{"canvasName":"myCanvasName","domain":"server.tools.canvas.images","imageName":"myImageName","level":"\u001b[32minfo\u001b[39m","message":"GET","params":{"filename":"chrome_atlas_2.png","tool_id":"chrome"},"requiringFilePath":"@kit-tools/chrome/canvas-assets/images/chrome_atlas_2.png","toolName":"myToolName"}
{"canvasName":"myCanvasName","domain":"server.tools.canvas","level":"\u001b[32minfo\u001b[39m","message":"GET","params":{"tool_id":"loc-assoc"},"requiringFilePath":"@kit-tools/loc-assoc/canvas.js","toolName":"myToolName"}
{"canvasName":"myCanvasName","domain":"server.tools.canvas","level":"\u001b[32minfo\u001b[39m","message":"GET","params":{"tool_id":"app-header"},"requiringFilePath":"@kit-tools/app-header/canvas.js","toolName":"myToolName"}
{"canvasName":"myCanvasName","domain":"server.tools.canvas","level":"\u001b[32minfo\u001b[39m","message":"GET","params":{"tool_id":"lang-switch"},"requiringFilePath":"@kit-tools/lang-switch/canvas.js","toolName":"myToolName"}
{"canvasName":"myCanvasName","domain":"server.tools.canvas","level":"\u001b[32minfo\u001b[39m","message":"GET","params":{"tool_id":"chrome"},"requiringFilePath":"@kit-tools/chrome/canvas.js","toolName":"myToolName"}
{"canvasName":"myCanvasName","domain":"server.tools.canvas.images","imageName":"myImageName","level":"\u001b[32minfo\u001b[39m","message":"GET","params":{"filename":"chrome_atlas_1.png","tool_id":"chrome"},"requiringFilePath":"@kit-tools/chrome/canvas-assets/images/chrome_atlas_1.png","toolName":"myToolName"}
{"canvasName":"myCanvasName","domain":"server.tools.canvas.images","imageName":"myImageName","level":"\u001b[32minfo\u001b[39m","message":"GET","params":{"filename":"langSwitch_atlas_1.png","tool_id":"lang-switch"},"requiringFilePath":"@kit-tools/lang-switch/canvas-assets/images/langSwitch_atlas_1.png","toolName":"myToolName"}
{"canvasName":"myCanvasName","domain":"server.tools.canvas.images","imageName":"myImageName","level":"\u001b[32minfo\u001b[39m","message":"GET","params":{"filename":"appHeader_atlas_1.png","tool_id":"app-header"},"requiringFilePath":"@kit-tools/app-header/canvas-assets/images/appHeader_atlas_1.png","toolName":"myToolName"}
{"canvasName":"myCanvasName","domain":"server.tools.canvas.images","imageName":"myImageName","level":"\u001b[32minfo\u001b[39m","message":"GET","params":{"filename":"chrome_atlas_2.png","tool_id":"chrome"},"requiringFilePath":"@kit-tools/chrome/canvas-assets/images/chrome_atlas_2.png","toolName":"myToolName"}
{"canvasName":"myCanvasName","domain":"server.tools.canvas","level":"\u001b[32minfo\u001b[39m","message":"GET","params":{"tool_id":"app-header"},"requiringFilePath":"@kit-tools/app-header/canvas.js","toolName":"myToolName"}
{"canvasName":"myCanvasName","domain":"server.tools.canvas","level":"\u001b[32minfo\u001b[39m","message":"GET","params":{"tool_id":"chrome"},"requiringFilePath":"@kit-tools/chrome/canvas.js","toolName":"myToolName"}
{"canvasName":"myCanvasName","domain":"server.tools.canvas","level":"\u001b[32minfo\u001b[39m","message":"GET","params":{"tool_id":"lang-switch"},"requiringFilePath":"@kit-tools/lang-switch/canvas.js","toolName":"myToolName"}
{"canvasName":"myCanvasName","domain":"server.tools.canvas","level":"\u001b[32minfo\u001b[39m","message":"GET","params":{"tool_id":"loc-assoc"},"requiringFilePath":"@kit-tools/loc-assoc/canvas.js","toolName":"myToolName"}
{"canvasName":"myCanvasName","domain":"server.tools.canvas","level":"\u001b[32minfo\u001b[39m","message":"GET","params":{"tool_id":"chrome"},"requiringFilePath":"@kit-tools/chrome/canvas.js","toolName":"myToolName"}
{"canvasName":"myCanvasName","domain":"server.tools.canvas","level":"\u001b[32minfo\u001b[39m","message":"GET","params":{"tool_id":"app-header"},"requiringFilePath":"@kit-tools/app-header/canvas.js","toolName":"myToolName"}
{"canvasName":"myCanvasName","domain":"server.tools.canvas","level":"\u001b[32minfo\u001b[39m","message":"GET","params":{"tool_id":"loc-assoc"},"requiringFilePath":"@kit-tools/loc-assoc/canvas.js","toolName":"myToolName"}
{"canvasName":"myCanvasName","domain":"server.tools.canvas","level":"\u001b[32minfo\u001b[39m","message":"GET","params":{"tool_id":"lang-switch"},"requiringFilePath":"@kit-tools/lang-switch/canvas.js","toolName":"myToolName"}
{"canvasName":"myCanvasName","domain":"server.tools.canvas.images","imageName":"myImageName","level":"\u001b[32minfo\u001b[39m","message":"GET","params":{"filename":"appHeader_atlas_1.png","tool_id":"app-header"},"requiringFilePath":"@kit-tools/app-header/canvas-assets/images/appHeader_atlas_1.png","toolName":"myToolName"}
{"canvasName":"myCanvasName","domain":"server.tools.canvas.images","imageName":"myImageName","level":"\u001b[32minfo\u001b[39m","message":"GET","params":{"filename":"chrome_atlas_1.png","tool_id":"chrome"},"requiringFilePath":"@kit-tools/chrome/canvas-assets/images/chrome_atlas_1.png","toolName":"myToolName"}
{"canvasName":"myCanvasName","domain":"server.tools.canvas.images","imageName":"myImageName","level":"\u001b[32minfo\u001b[39m","message":"GET","params":{"filename":"langSwitch_atlas_1.png","tool_id":"lang-switch"},"requiringFilePath":"@kit-tools/lang-switch/canvas-assets/images/langSwitch_atlas_1.png","toolName":"myToolName"}
{"canvasName":"myCanvasName","domain":"server.tools.canvas.images","imageName":"myImageName","level":"\u001b[32minfo\u001b[39m","message":"GET","params":{"filename":"chrome_atlas_2.png","tool_id":"chrome"},"requiringFilePath":"@kit-tools/chrome/canvas-assets/images/chrome_atlas_2.png","toolName":"myToolName"}
{"canvasName":"myCanvasName","domain":"server.tools.canvas","level":"\u001b[32minfo\u001b[39m","message":"GET","params":{"tool_id":"app-header"},"requiringFilePath":"@kit-tools/app-header/canvas.js","toolName":"myToolName"}
{"canvasName":"myCanvasName","domain":"server.tools.canvas","level":"\u001b[32minfo\u001b[39m","message":"GET","params":{"tool_id":"chrome"},"requiringFilePath":"@kit-tools/chrome/canvas.js","toolName":"myToolName"}
{"canvasName":"myCanvasName","domain":"server.tools.canvas","level":"\u001b[32minfo\u001b[39m","message":"GET","params":{"tool_id":"lang-switch"},"requiringFilePath":"@kit-tools/lang-switch/canvas.js","toolName":"myToolName"}
{"canvasName":"myCanvasName","domain":"server.tools.canvas","level":"\u001b[32minfo\u001b[39m","message":"GET","params":{"tool_id":"loc-assoc"},"requiringFilePath":"@kit-tools/loc-assoc/canvas.js","toolName":"myToolName"}
{"canvasName":"myCanvasName","domain":"server.tools.canvas.images","imageName":"myImageName","level":"\u001b[32minfo\u001b[39m","message":"GET","params":{"filename":"appHeader_atlas_1.png","tool_id":"app-header"},"requiringFilePath":"@kit-tools/app-header/canvas-assets/images/appHeader_atlas_1.png","toolName":"myToolName"}
{"canvasName":"myCanvasName","domain":"server.tools.canvas.images","imageName":"myImageName","level":"\u001b[32minfo\u001b[39m","message":"GET","params":{"filename":"chrome_atlas_1.png","tool_id":"chrome"},"requiringFilePath":"@kit-tools/chrome/canvas-assets/images/chrome_atlas_1.png","toolName":"myToolName"}
{"canvasName":"myCanvasName","domain":"server.tools.canvas.images","imageName":"myImageName","level":"\u001b[32minfo\u001b[39m","message":"GET","params":{"filename":"langSwitch_atlas_1.png","tool_id":"lang-switch"},"requiringFilePath":"@kit-tools/lang-switch/canvas-assets/images/langSwitch_atlas_1.png","toolName":"myToolName"}
{"canvasName":"myCanvasName","domain":"server.tools.canvas.images","imageName":"myImageName","level":"\u001b[32minfo\u001b[39m","message":"GET","params":{"filename":"chrome_atlas_2.png","tool_id":"chrome"},"requiringFilePath":"@kit-tools/chrome/canvas-assets/images/chrome_atlas_2.png","toolName":"myToolName"}
{"canvasName":"myCanvasName","domain":"server.tools.canvas","level":"\u001b[32minfo\u001b[39m","message":"GET","params":{"tool_id":"chrome"},"requiringFilePath":"@kit-tools/chrome/canvas.js","toolName":"myToolName"}
{"canvasName":"myCanvasName","domain":"server.tools.canvas","level":"\u001b[32minfo\u001b[39m","message":"GET","params":{"tool_id":"lang-switch"},"requiringFilePath":"@kit-tools/lang-switch/canvas.js","toolName":"myToolName"}
{"canvasName":"myCanvasName","domain":"server.tools.canvas","level":"\u001b[32minfo\u001b[39m","message":"GET","params":{"tool_id":"app-header"},"requiringFilePath":"@kit-tools/app-header/canvas.js","toolName":"myToolName"}
{"canvasName":"myCanvasName","domain":"server.tools.canvas","level":"\u001b[32minfo\u001b[39m","message":"GET","params":{"tool_id":"loc-assoc"},"requiringFilePath":"@kit-tools/loc-assoc/canvas.js","toolName":"myToolName"}
{"canvasName":"myCanvasName","domain":"server.tools.canvas.images","imageName":"myImageName","level":"\u001b[32minfo\u001b[39m","message":"GET","params":{"filename":"chrome_atlas_1.png","tool_id":"chrome"},"requiringFilePath":"@kit-tools/chrome/canvas-assets/images/chrome_atlas_1.png","toolName":"myToolName"}
{"canvasName":"myCanvasName","domain":"server.tools.canvas.images","imageName":"myImageName","level":"\u001b[32minfo\u001b[39m","message":"GET","params":{"filename":"appHeader_atlas_1.png","tool_id":"app-header"},"requiringFilePath":"@kit-tools/app-header/canvas-assets/images/appHeader_atlas_1.png","toolName":"myToolName"}
{"canvasName":"myCanvasName","domain":"server.tools.canvas.images","imageName":"myImageName","level":"\u001b[32minfo\u001b[39m","message":"GET","params":{"filename":"langSwitch_atlas_1.png","tool_id":"lang-switch"},"requiringFilePath":"@kit-tools/lang-switch/canvas-assets/images/langSwitch_atlas_1.png","toolName":"myToolName"}
{"canvasName":"myCanvasName","domain":"server.tools.canvas.images","imageName":"myImageName","level":"\u001b[32minfo\u001b[39m","message":"GET","params":{"filename":"chrome_atlas_2.png","tool_id":"chrome"},"requiringFilePath":"@kit-tools/chrome/canvas-assets/images/chrome_atlas_2.png","toolName":"myToolName"}
{"canvasName":"myCanvasName","domain":"server.tools.canvas","level":"\u001b[32minfo\u001b[39m","message":"GET","params":{"tool_id":"loc-assoc"},"requiringFilePath":"@kit-tools/loc-assoc/canvas.js","toolName":"myToolName"}
{"canvasName":"myCanvasName","domain":"server.tools.canvas","level":"\u001b[32minfo\u001b[39m","message":"GET","params":{"tool_id":"lang-switch"},"requiringFilePath":"@kit-tools/lang-switch/canvas.js","toolName":"myToolName"}
{"canvasName":"myCanvasName","domain":"server.tools.canvas","level":"\u001b[32minfo\u001b[39m","message":"GET","params":{"tool_id":"app-header"},"requiringFilePath":"@kit-tools/app-header/canvas.js","toolName":"myToolName"}
{"canvasName":"myCanvasName","domain":"server.tools.canvas","level":"\u001b[32minfo\u001b[39m","message":"GET","params":{"tool_id":"chrome"},"requiringFilePath":"@kit-tools/chrome/canvas.js","toolName":"myToolName"}
{"canvasName":"myCanvasName","domain":"server.tools.canvas.images","imageName":"myImageName","level":"\u001b[32minfo\u001b[39m","message":"GET","params":{"filename":"langSwitch_atlas_1.png","tool_id":"lang-switch"},"requiringFilePath":"@kit-tools/lang-switch/canvas-assets/images/langSwitch_atlas_1.png","toolName":"myToolName"}
{"canvasName":"myCanvasName","domain":"server.tools.canvas.images","imageName":"myImageName","level":"\u001b[32minfo\u001b[39m","message":"GET","params":{"filename":"appHeader_atlas_1.png","tool_id":"app-header"},"requiringFilePath":"@kit-tools/app-header/canvas-assets/images/appHeader_atlas_1.png","toolName":"myToolName"}
{"canvasName":"myCanvasName","domain":"server.tools.canvas.images","imageName":"myImageName","level":"\u001b[32minfo\u001b[39m","message":"GET","params":{"filename":"chrome_atlas_1.png","tool_id":"chrome"},"requiringFilePath":"@kit-tools/chrome/canvas-assets/images/chrome_atlas_1.png","toolName":"myToolName"}
{"canvasName":"myCanvasName","domain":"server.tools.canvas.images","imageName":"myImageName","level":"\u001b[32minfo\u001b[39m","message":"GET","params":{"filename":"chrome_atlas_2.png","tool_id":"chrome"},"requiringFilePath":"@kit-tools/chrome/canvas-assets/images/chrome_atlas_2.png","toolName":"myToolName"}
{"canvasName":"myCanvasName","domain":"server.tools.canvas","level":"\u001b[32minfo\u001b[39m","message":"GET","params":{"tool_id":"app-header"},"requiringFilePath":"@kit-tools/app-header/canvas.js","toolName":"myToolName"}
{"canvasName":"myCanvasName","domain":"server.tools.canvas","level":"\u001b[32minfo\u001b[39m","message":"GET","params":{"tool_id":"chrome"},"requiringFilePath":"@kit-tools/chrome/canvas.js","toolName":"myToolName"}
{"canvasName":"myCanvasName","domain":"server.tools.canvas","level":"\u001b[32minfo\u001b[39m","message":"GET","params":{"tool_id":"lang-switch"},"requiringFilePath":"@kit-tools/lang-switch/canvas.js","toolName":"myToolName"}
{"canvasName":"myCanvasName","domain":"server.tools.canvas","level":"\u001b[32minfo\u001b[39m","message":"GET","params":{"tool_id":"loc-assoc"},"requiringFilePath":"@kit-tools/loc-assoc/canvas.js","toolName":"myToolName"}
{"canvasName":"myCanvasName","domain":"server.tools.canvas.images","imageName":"myImageName","level":"\u001b[32minfo\u001b[39m","message":"GET","params":{"filename":"appHeader_atlas_1.png","tool_id":"app-header"},"requiringFilePath":"@kit-tools/app-header/canvas-assets/images/appHeader_atlas_1.png","toolName":"myToolName"}
{"canvasName":"myCanvasName","domain":"server.tools.canvas.images","imageName":"myImageName","level":"\u001b[32minfo\u001b[39m","message":"GET","params":{"filename":"langSwitch_atlas_1.png","tool_id":"lang-switch"},"requiringFilePath":"@kit-tools/lang-switch/canvas-assets/images/langSwitch_atlas_1.png","toolName":"myToolName"}
{"canvasName":"myCanvasName","domain":"server.tools.canvas.images","imageName":"myImageName","level":"\u001b[32minfo\u001b[39m","message":"GET","params":{"filename":"chrome_atlas_1.png","tool_id":"chrome"},"requiringFilePath":"@kit-tools/chrome/canvas-assets/images/chrome_atlas_1.png","toolName":"myToolName"}
{"canvasName":"myCanvasName","domain":"server.tools.canvas.images","imageName":"myImageName","level":"\u001b[32minfo\u001b[39m","message":"GET","params":{"filename":"chrome_atlas_2.png","tool_id":"chrome"},"requiringFilePath":"@kit-tools/chrome/canvas-assets/images/chrome_atlas_2.png","toolName":"myToolName"}
{"canvasName":"myCanvasName","domain":"server.tools.canvas","level":"\u001b[32minfo\u001b[39m","message":"GET","params":{"tool_id":"loc-assoc"},"requiringFilePath":"@kit-tools/loc-assoc/canvas.js","toolName":"myToolName"}
{"canvasName":"myCanvasName","domain":"server.tools.canvas","level":"\u001b[32minfo\u001b[39m","message":"GET","params":{"tool_id":"chrome"},"requiringFilePath":"@kit-tools/chrome/canvas.js","toolName":"myToolName"}
{"canvasName":"myCanvasName","domain":"server.tools.canvas","level":"\u001b[32minfo\u001b[39m","message":"GET","params":{"tool_id":"app-header"},"requiringFilePath":"@kit-tools/app-header/canvas.js","toolName":"myToolName"}
{"canvasName":"myCanvasName","domain":"server.tools.canvas","level":"\u001b[32minfo\u001b[39m","message":"GET","params":{"tool_id":"lang-switch"},"requiringFilePath":"@kit-tools/lang-switch/canvas.js","toolName":"myToolName"}
{"canvasName":"myCanvasName","domain":"server.tools.canvas.images","imageName":"myImageName","level":"\u001b[32minfo\u001b[39m","message":"GET","params":{"filename":"chrome_atlas_1.png","tool_id":"chrome"},"requiringFilePath":"@kit-tools/chrome/canvas-assets/images/chrome_atlas_1.png","toolName":"myToolName"}
{"canvasName":"myCanvasName","domain":"server.tools.canvas.images","imageName":"myImageName","level":"\u001b[32minfo\u001b[39m","message":"GET","params":{"filename":"appHeader_atlas_1.png","tool_id":"app-header"},"requiringFilePath":"@kit-tools/app-header/canvas-assets/images/appHeader_atlas_1.png","toolName":"myToolName"}
{"canvasName":"myCanvasName","domain":"server.tools.canvas.images","imageName":"myImageName","level":"\u001b[32minfo\u001b[39m","message":"GET","params":{"filename":"langSwitch_atlas_1.png","tool_id":"lang-switch"},"requiringFilePath":"@kit-tools/lang-switch/canvas-assets/images/langSwitch_atlas_1.png","toolName":"myToolName"}
{"canvasName":"myCanvasName","domain":"server.tools.canvas.images","imageName":"myImageName","level":"\u001b[32minfo\u001b[39m","message":"GET","params":{"filename":"chrome_atlas_2.png","tool_id":"chrome"},"requiringFilePath":"@kit-tools/chrome/canvas-assets/images/chrome_atlas_2.png","toolName":"myToolName"}
{"canvasName":"myCanvasName","domain":"server.tools.canvas","level":"\u001b[32minfo\u001b[39m","message":"GET","params":{"tool_id":"loc-assoc"},"requiringFilePath":"@kit-tools/loc-assoc/canvas.js","toolName":"myToolName"}
{"canvasName":"myCanvasName","domain":"server.tools.canvas","level":"\u001b[32minfo\u001b[39m","message":"GET","params":{"tool_id":"chrome"},"requiringFilePath":"@kit-tools/chrome/canvas.js","toolName":"myToolName"}
{"canvasName":"myCanvasName","domain":"server.tools.canvas","level":"\u001b[32minfo\u001b[39m","message":"GET","params":{"tool_id":"lang-switch"},"requiringFilePath":"@kit-tools/lang-switch/canvas.js","toolName":"myToolName"}
{"canvasName":"myCanvasName","domain":"server.tools.canvas","level":"\u001b[32minfo\u001b[39m","message":"GET","params":{"tool_id":"app-header"},"requiringFilePath":"@kit-tools/app-header/canvas.js","toolName":"myToolName"}
{"canvasName":"myCanvasName","domain":"server.tools.canvas.images","imageName":"myImageName","level":"\u001b[32minfo\u001b[39m","message":"GET","params":{"filename":"chrome_atlas_1.png","tool_id":"chrome"},"requiringFilePath":"@kit-tools/chrome/canvas-assets/images/chrome_atlas_1.png","toolName":"myToolName"}
{"canvasName":"myCanvasName","domain":"server.tools.canvas.images","imageName":"myImageName","level":"\u001b[32minfo\u001b[39m","message":"GET","params":{"filename":"langSwitch_atlas_1.png","tool_id":"lang-switch"},"requiringFilePath":"@kit-tools/lang-switch/canvas-assets/images/langSwitch_atlas_1.png","toolName":"myToolName"}
{"canvasName":"myCanvasName","domain":"server.tools.canvas.images","imageName":"myImageName","level":"\u001b[32minfo\u001b[39m","message":"GET","params":{"filename":"appHeader_atlas_1.png","tool_id":"app-header"},"requiringFilePath":"@kit-tools/app-header/canvas-assets/images/appHeader_atlas_1.png","toolName":"myToolName"}
{"canvasName":"myCanvasName","domain":"server.tools.canvas.images","imageName":"myImageName","level":"\u001b[32minfo\u001b[39m","message":"GET","params":{"filename":"chrome_atlas_2.png","tool_id":"chrome"},"requiringFilePath":"@kit-tools/chrome/canvas-assets/images/chrome_atlas_2.png","toolName":"myToolName"}
{"canvasName":"myCanvasName","domain":"server.tools.canvas","level":"\u001b[32minfo\u001b[39m","message":"GET","params":{"tool_id":"app-header"},"requiringFilePath":"@kit-tools/app-header/canvas.js","toolName":"myToolName"}
{"canvasName":"myCanvasName","domain":"server.tools.canvas","level":"\u001b[32minfo\u001b[39m","message":"GET","params":{"tool_id":"loc-assoc"},"requiringFilePath":"@kit-tools/loc-assoc/canvas.js","toolName":"myToolName"}
{"canvasName":"myCanvasName","domain":"server.tools.canvas","level":"\u001b[32minfo\u001b[39m","message":"GET","params":{"tool_id":"chrome"},"requiringFilePath":"@kit-tools/chrome/canvas.js","toolName":"myToolName"}
{"canvasName":"myCanvasName","domain":"server.tools.canvas","level":"\u001b[32minfo\u001b[39m","message":"GET","params":{"tool_id":"lang-switch"},"requiringFilePath":"@kit-tools/lang-switch/canvas.js","toolName":"myToolName"}
{"canvasName":"myCanvasName","domain":"server.tools.canvas.images","imageName":"myImageName","level":"\u001b[32minfo\u001b[39m","message":"GET","params":{"filename":"appHeader_atlas_1.png","tool_id":"app-header"},"requiringFilePath":"@kit-tools/app-header/canvas-assets/images/appHeader_atlas_1.png","toolName":"myToolName"}
{"canvasName":"myCanvasName","domain":"server.tools.canvas.images","imageName":"myImageName","level":"\u001b[32minfo\u001b[39m","message":"GET","params":{"filename":"chrome_atlas_1.png","tool_id":"chrome"},"requiringFilePath":"@kit-tools/chrome/canvas-assets/images/chrome_atlas_1.png","toolName":"myToolName"}
{"canvasName":"myCanvasName","domain":"server.tools.canvas.images","imageName":"myImageName","level":"\u001b[32minfo\u001b[39m","message":"GET","params":{"filename":"langSwitch_atlas_1.png","tool_id":"lang-switch"},"requiringFilePath":"@kit-tools/lang-switch/canvas-assets/images/langSwitch_atlas_1.png","toolName":"myToolName"}
{"canvasName":"myCanvasName","domain":"server.tools.canvas.images","imageName":"myImageName","level":"\u001b[32minfo\u001b[39m","message":"GET","params":{"filename":"chrome_atlas_2.png","tool_id":"chrome"},"requiringFilePath":"@kit-tools/chrome/canvas-assets/images/chrome_atlas_2.png","toolName":"myToolName"}
{"canvasName":"myCanvasName","domain":"server.tools.canvas","level":"\u001b[32minfo\u001b[39m","message":"GET","params":{"tool_id":"app-header"},"requiringFilePath":"@kit-tools/app-header/canvas.js","toolName":"myToolName"}
{"canvasName":"myCanvasName","domain":"server.tools.canvas","level":"\u001b[32minfo\u001b[39m","message":"GET","params":{"tool_id":"chrome"},"requiringFilePath":"@kit-tools/chrome/canvas.js","toolName":"myToolName"}
{"canvasName":"myCanvasName","domain":"server.tools.canvas","level":"\u001b[32minfo\u001b[39m","message":"GET","params":{"tool_id":"lang-switch"},"requiringFilePath":"@kit-tools/lang-switch/canvas.js","toolName":"myToolName"}
{"canvasName":"myCanvasName","domain":"server.tools.canvas","level":"\u001b[32minfo\u001b[39m","message":"GET","params":{"tool_id":"loc-assoc"},"requiringFilePath":"@kit-tools/loc-assoc/canvas.js","toolName":"myToolName"}
{"canvasName":"myCanvasName","domain":"server.tools.canvas.images","imageName":"myImageName","level":"\u001b[32minfo\u001b[39m","message":"GET","params":{"filename":"appHeader_atlas_1.png","tool_id":"app-header"},"requiringFilePath":"@kit-tools/app-header/canvas-assets/images/appHeader_atlas_1.png","toolName":"myToolName"}
{"canvasName":"myCanvasName","domain":"server.tools.canvas.images","imageName":"myImageName","level":"\u001b[32minfo\u001b[39m","message":"GET","params":{"filename":"chrome_atlas_1.png","tool_id":"chrome"},"requiringFilePath":"@kit-tools/chrome/canvas-assets/images/chrome_atlas_1.png","toolName":"myToolName"}
{"canvasName":"myCanvasName","domain":"server.tools.canvas.images","imageName":"myImageName","level":"\u001b[32minfo\u001b[39m","message":"GET","params":{"filename":"langSwitch_atlas_1.png","tool_id":"lang-switch"},"requiringFilePath":"@kit-tools/lang-switch/canvas-assets/images/langSwitch_atlas_1.png","toolName":"myToolName"}
{"canvasName":"myCanvasName","domain":"server.tools.canvas.images","imageName":"myImageName","level":"\u001b[32minfo\u001b[39m","message":"GET","params":{"filename":"chrome_atlas_2.png","tool_id":"chrome"},"requiringFilePath":"@kit-tools/chrome/canvas-assets/images/chrome_atlas_2.png","toolName":"myToolName"}
{"canvasName":"myCanvasName","domain":"server.tools.canvas","level":"\u001b[32minfo\u001b[39m","message":"GET","params":{"tool_id":"lang-switch"},"requiringFilePath":"@kit-tools/lang-switch/canvas.js","toolName":"myToolName"}
{"canvasName":"myCanvasName","domain":"server.tools.canvas","level":"\u001b[32minfo\u001b[39m","message":"GET","params":{"tool_id":"app-header"},"requiringFilePath":"@kit-tools/app-header/canvas.js","toolName":"myToolName"}
{"canvasName":"myCanvasName","domain":"server.tools.canvas","level":"\u001b[32minfo\u001b[39m","message":"GET","params":{"tool_id":"loc-assoc"},"requiringFilePath":"@kit-tools/loc-assoc/canvas.js","toolName":"myToolName"}
{"canvasName":"myCanvasName","domain":"server.tools.canvas","level":"\u001b[32minfo\u001b[39m","message":"GET","params":{"tool_id":"chrome"},"requiringFilePath":"@kit-tools/chrome/canvas.js","toolName":"myToolName"}
{"canvasName":"myCanvasName","domain":"server.tools.canvas.images","imageName":"myImageName","level":"\u001b[32minfo\u001b[39m","message":"GET","params":{"filename":"langSwitch_atlas_1.png","tool_id":"lang-switch"},"requiringFilePath":"@kit-tools/lang-switch/canvas-assets/images/langSwitch_atlas_1.png","toolName":"myToolName"}
{"canvasName":"myCanvasName","domain":"server.tools.canvas.images","imageName":"myImageName","level":"\u001b[32minfo\u001b[39m","message":"GET","params":{"filename":"chrome_atlas_1.png","tool_id":"chrome"},"requiringFilePath":"@kit-tools/chrome/canvas-assets/images/chrome_atlas_1.png","toolName":"myToolName"}
{"canvasName":"myCanvasName","domain":"server.tools.canvas.images","imageName":"myImageName","level":"\u001b[32minfo\u001b[39m","message":"GET","params":{"filename":"appHeader_atlas_1.png","tool_id":"app-header"},"requiringFilePath":"@kit-tools/app-header/canvas-assets/images/appHeader_atlas_1.png","toolName":"myToolName"}
{"canvasName":"myCanvasName","domain":"server.tools.canvas.images","imageName":"myImageName","level":"\u001b[32minfo\u001b[39m","message":"GET","params":{"filename":"chrome_atlas_2.png","tool_id":"chrome"},"requiringFilePath":"@kit-tools/chrome/canvas-assets/images/chrome_atlas_2.png","toolName":"myToolName"}
{"canvasName":"myCanvasName","domain":"server.tools.canvas","level":"\u001b[32minfo\u001b[39m","message":"GET","params":{"tool_id":"app-header"},"requiringFilePath":"@kit-tools/app-header/canvas.js","toolName":"myToolName"}
{"canvasName":"myCanvasName","domain":"server.tools.canvas","level":"\u001b[32minfo\u001b[39m","message":"GET","params":{"tool_id":"chrome"},"requiringFilePath":"@kit-tools/chrome/canvas.js","toolName":"myToolName"}
{"canvasName":"myCanvasName","domain":"server.tools.canvas","level":"\u001b[32minfo\u001b[39m","message":"GET","params":{"tool_id":"lang-switch"},"requiringFilePath":"@kit-tools/lang-switch/canvas.js","toolName":"myToolName"}
{"canvasName":"myCanvasName","domain":"server.tools.canvas","level":"\u001b[32minfo\u001b[39m","message":"GET","params":{"tool_id":"loc-assoc"},"requiringFilePath":"@kit-tools/loc-assoc/canvas.js","toolName":"myToolName"}
{"canvasName":"myCanvasName","domain":"server.tools.canvas.images","imageName":"myImageName","level":"\u001b[32minfo\u001b[39m","message":"GET","params":{"filename":"langSwitch_atlas_1.png","tool_id":"lang-switch"},"requiringFilePath":"@kit-tools/lang-switch/canvas-assets/images/langSwitch_atlas_1.png","toolName":"myToolName"}
{"canvasName":"myCanvasName","domain":"server.tools.canvas.images","imageName":"myImageName","level":"\u001b[32minfo\u001b[39m","message":"GET","params":{"filename":"chrome_atlas_1.png","tool_id":"chrome"},"requiringFilePath":"@kit-tools/chrome/canvas-assets/images/chrome_atlas_1.png","toolName":"myToolName"}
{"canvasName":"myCanvasName","domain":"server.tools.canvas.images","imageName":"myImageName","level":"\u001b[32minfo\u001b[39m","message":"GET","params":{"filename":"appHeader_atlas_1.png","tool_id":"app-header"},"requiringFilePath":"@kit-tools/app-header/canvas-assets/images/appHeader_atlas_1.png","toolName":"myToolName"}
{"canvasName":"myCanvasName","domain":"server.tools.canvas.images","imageName":"myImageName","level":"\u001b[32minfo\u001b[39m","message":"GET","params":{"filename":"chrome_atlas_2.png","tool_id":"chrome"},"requiringFilePath":"@kit-tools/chrome/canvas-assets/images/chrome_atlas_2.png","toolName":"myToolName"}
